INFO:root:@@ Starting split_data.py at Sun Oct 17 22:12:35 2010 with args ['datasoybean-large.data.orig.arff', '.2', '1']
INFO:root:@@ Starting split_data.py at Sun Oct 17 22:13:02 2010 with args ['data/soybean-large.data.orig.arff', '.2', '1']
INFO:root:-------------------- START -------------------- Sun Oct 17 22:13:03 2010
INFO:root:input file: data/soybean-large.data.orig.arff
INFO:root:test fraction: 0.2
INFO:root:algorithms: ['NaiveBayes']
INFO:root:class index: 0
INFO:root:do_worst False
INFO:root:1. Converged after 14 GA rounds, best score =100.0
INFO:root:++++++ Sun Oct 17 22:13:27 2010 ++++++ True cnt = 14
INFO:root:accuracy = 100.0
INFO:root:......|.|.|...........|........||...|.|.|....|..|.....|........|....|...|....|.................|..|....|..||||.........|
INFO:root:test indexes =[6, 8, 10, 22, 31, 32, 36, 38, 40, 45, 48, 54, 63, 68, 72, 77, 95, 98, 103, 106, 107, 108, 109, 119, 129, 136, 137, 138, 146, 148, 155, 156, 163, 167, 175, 177, 184, 186, 188, 191, 196, 209, 212, 221, 223, 232, 234, 237, 240, 241, 244, 256, 257, 258, 260, 278, 279, 287, 288, 300, 302]
INFO:root:classifier:NaiveBayes ---------------------------------------
INFO:root:Correctly Classified Instances          61              100      %
Incorrectly Classified Instances         0                0      %
Kappa statistic                          1     
Mean absolute error                      0.0053
Root mean squared error                  0.0362
Relative absolute error                  5.2344 %
Root relative squared error             16.0883 %
Total Number of Instances               61
INFO:root:-------------------- START -------------------- Sun Oct 17 22:13:28 2010
INFO:root:input file: data/soybean-large.data.orig.arff
INFO:root:test fraction: 0.2
INFO:root:algorithms: ['NaiveBayes']
INFO:root:class index: 0
INFO:root:do_worst True
INFO:root:1. Converged after 51 GA rounds
INFO:root:++++++ Sun Oct 17 22:14:07 2010 ++++++ True cnt = 51
INFO:root:accuracy = 29.5082
INFO:root:.........|....||....|..|.|..|..|........|.||.....|..........|........|.......||.||.|.....|..|........|.......|.....|....
INFO:root:test indexes =[9, 14, 15, 20, 23, 25, 28, 31, 40, 42, 43, 49, 60, 69, 77, 78, 80, 81, 83, 89, 92, 101, 109, 115, 125, 130, 133, 136, 142, 143, 152, 159, 162, 163, 176, 177, 182, 187, 192, 193, 194, 198, 205, 208, 224, 231, 235, 236, 238, 244, 260, 261, 262, 268, 270, 279, 283, 288, 290, 297, 305]
INFO:root:classifier:NaiveBayes ---------------------------------------
INFO:root:Correctly Classified Instances          43               70.4918 %
Incorrectly Classified Instances        18               29.5082 %
Kappa statistic                          0.6761
Mean absolute error                      0.0336
Root mean squared error                  0.1662
Relative absolute error                 32.8402 %
Root relative squared error             73.766  %
Total Number of Instances               61
INFO:root:-------------------- START -------------------- Sun Oct 17 22:14:07 2010
INFO:root:input file: data/soybean-large.data.orig.arff
INFO:root:test fraction: 0.2
INFO:root:algorithms: ['BayesNet']
INFO:root:class index: 0
INFO:root:do_worst False
INFO:root:1. Converged after 0 GA rounds, best score =100.0
INFO:root:++++++ Sun Oct 17 22:14:26 2010 ++++++ True cnt = 0
INFO:root:accuracy = 100.0
INFO:root:....|.|....|.....|...|...||.........|....|........|.|....|.....|....|..|..|............|..|....|....|....||.....|....|..
INFO:root:test indexes =[4, 6, 11, 17, 21, 25, 26, 36, 41, 50, 52, 57, 63, 68, 71, 74, 87, 90, 95, 100, 105, 106, 112, 117, 120, 123, 125, 136, 140, 141, 153, 161, 167, 169, 173, 177, 183, 186, 191, 207, 209, 216, 219, 221, 224, 230, 232, 242, 252, 254, 256, 261, 262, 274, 275, 279, 285, 290, 291, 298, 301]
INFO:root:classifier:BayesNet ---------------------------------------
INFO:root:Correctly Classified Instances          61              100      %
Incorrectly Classified Instances         0                0      %
Kappa statistic                          1     
Mean absolute error                      0.0026
Root mean squared error                  0.0221
Relative absolute error                  2.5706 %
Root relative squared error              9.7958 %
Total Number of Instances               61
INFO:root:-------------------- START -------------------- Sun Oct 17 22:14:26 2010
INFO:root:input file: data/soybean-large.data.orig.arff
INFO:root:test fraction: 0.2
INFO:root:algorithms: ['BayesNet']
INFO:root:class index: 0
INFO:root:do_worst True
INFO:root:1. Converged after 116 GA rounds
INFO:root:++++++ Sun Oct 17 22:15:35 2010 ++++++ True cnt = 116
INFO:root:accuracy = 24.5902
INFO:root:....|......|....|..|.....|.....||.....|....||.|.....|.......|...|...........|.|..|.|...........||..|........|.|......|..
INFO:root:test indexes =[4, 11, 16, 19, 25, 31, 32, 38, 43, 44, 46, 52, 60, 64, 76, 78, 81, 83, 95, 96, 99, 108, 110, 117, 120, 122, 126, 137, 146, 149, 154, 159, 162, 169, 172, 177, 182, 186, 189, 190, 191, 192, 195, 208, 223, 228, 230, 242, 246, 251, 252, 253, 254, 259, 265, 278, 283, 287, 288, 300, 305]
INFO:root:classifier:BayesNet ---------------------------------------
INFO:root:Correctly Classified Instances          46               75.4098 %
Incorrectly Classified Instances        15               24.5902 %
Kappa statistic                          0.7302
Mean absolute error                      0.0267
Root mean squared error                  0.1536
Relative absolute error                 26.0994 %
Root relative squared error             68.1689 %
Total Number of Instances               61
INFO:root:-------------------- START -------------------- Sun Oct 17 22:15:35 2010
INFO:root:input file: data/soybean-large.data.orig.arff
INFO:root:test fraction: 0.2
INFO:root:algorithms: ['J48']
INFO:root:class index: 0
INFO:root:do_worst False
INFO:root:2. Converged after 9 GA rounds
INFO:root:++++++ Sun Oct 17 22:15:51 2010 ++++++ True cnt = 9
INFO:root:accuracy = 95.082
INFO:root:.............|...||..|......|...|.|...|...||...|......|.......|.....|...|.....|.........|....|......|.......||...|..|..|
INFO:root:test indexes =[13, 17, 18, 21, 28, 32, 34, 38, 42, 43, 47, 54, 62, 68, 72, 78, 88, 93, 100, 108, 109, 113, 116, 119, 120, 123, 132, 135, 141, 145, 152, 161, 168, 169, 176, 179, 184, 191, 204, 206, 211, 212, 216, 217, 222, 230, 234, 246, 248, 254, 258, 261, 263, 264, 265, 277, 282, 287, 288, 300, 303]
INFO:root:classifier:J48 ---------------------------------------
INFO:root:Correctly Classified Instances          58               95.082  %
Incorrectly Classified Instances         3                4.918  %
Kappa statistic                          0.946 
Mean absolute error                      0.0085
Root mean squared error                  0.0724
Relative absolute error                  8.3544 %
Root relative squared error             32.1144 %
Total Number of Instances               61
INFO:root:-------------------- START -------------------- Sun Oct 17 22:15:51 2010
INFO:root:input file: data/soybean-large.data.orig.arff
INFO:root:test fraction: 0.2
INFO:root:algorithms: ['J48']
INFO:root:class index: 0
INFO:root:do_worst True
INFO:root:2. Converged after 9 GA rounds
INFO:root:++++++ Sun Oct 17 22:16:07 2010 ++++++ True cnt = 9
INFO:root:accuracy = 31.1475
INFO:root:|.....||......||.||...........|...........|..|......|....|....||.......|......|..|.....|.....|..|........|.||..|........
INFO:root:test indexes =[0, 6, 7, 14, 15, 17, 18, 30, 42, 45, 52, 57, 62, 63, 71, 78, 81, 87, 93, 96, 105, 107, 108, 111, 121, 130, 134, 137, 147, 149, 155, 157, 167, 169, 173, 180, 182, 192, 195, 201, 207, 211, 212, 213, 225, 230, 233, 238, 246, 257, 258, 262, 264, 271, 275, 279, 285, 288, 292, 302, 304]
INFO:root:classifier:J48 ---------------------------------------
INFO:root:Correctly Classified Instances          42               68.8525 %
Incorrectly Classified Instances        19               31.1475 %
Kappa statistic                          0.6616
Mean absolute error                      0.0335
Root mean squared error                  0.1663
Relative absolute error                 32.7854 %
Root relative squared error             73.7951 %
Total Number of Instances               61
INFO:root:-------------------- START -------------------- Sun Oct 17 22:16:07 2010
INFO:root:input file: data/soybean-large.data.orig.arff
INFO:root:test fraction: 0.2
INFO:root:algorithms: ['JRip']
INFO:root:class index: 0
INFO:root:do_worst False
INFO:root:1. Converged after 36 GA rounds
INFO:root:++++++ Sun Oct 17 22:16:51 2010 ++++++ True cnt = 36
INFO:root:accuracy = 98.3607
INFO:root:||..|..|||.......|...............|........|.......|..|.|.......|...|......|.|........|......|....|.....|.......||..|...|
INFO:root:test indexes =[0, 1, 4, 7, 8, 9, 17, 33, 42, 50, 53, 55, 63, 67, 74, 76, 85, 92, 97, 103, 111, 112, 115, 119, 122, 124, 128, 136, 147, 148, 154, 161, 162, 170, 173, 177, 183, 188, 191, 207, 212, 216, 217, 219, 224, 229, 231, 242, 244, 245, 249, 250, 255, 259, 272, 276, 282, 286, 291, 303, 304]
INFO:root:classifier:JRip ---------------------------------------
INFO:root:Correctly Classified Instances          60               98.3607 %
Incorrectly Classified Instances         1                1.6393 %
Kappa statistic                          0.982 
Mean absolute error                      0.0093
Root mean squared error                  0.0578
Relative absolute error                  9.1066 %
Root relative squared error             25.6484 %
Total Number of Instances               61
INFO:root:-------------------- START -------------------- Sun Oct 17 22:16:52 2010
INFO:root:input file: data/soybean-large.data.orig.arff
INFO:root:test fraction: 0.2
INFO:root:algorithms: ['JRip']
INFO:root:class index: 0
INFO:root:do_worst True
INFO:root:2. Converged after 9 GA rounds
INFO:root:++++++ Sun Oct 17 22:17:22 2010 ++++++ True cnt = 9
INFO:root:accuracy = 29.5082
INFO:root:..|.|.........|....|...|......||.......|.....|.|...|..|.........|....|.....|..|..|........|.....|.|.....|...||.......|..
INFO:root:test indexes =[2, 4, 14, 19, 23, 30, 31, 39, 45, 47, 51, 54, 64, 69, 75, 78, 81, 90, 96, 98, 104, 108, 109, 117, 122, 129, 130, 136, 140, 148, 155, 156, 167, 169, 176, 180, 187, 190, 200, 201, 202, 207, 209, 216, 222, 233, 234, 237, 241, 242, 250, 251, 257, 264, 266, 279, 282, 287, 294, 299, 305]
INFO:root:classifier:JRip ---------------------------------------
INFO:root:Correctly Classified Instances          43               70.4918 %
Incorrectly Classified Instances        18               29.5082 %
Kappa statistic                          0.6763
Mean absolute error                      0.037 
Root mean squared error                  0.1744
Relative absolute error                 36.2592 %
Root relative squared error             77.3973 %
Total Number of Instances               61
INFO:root:-------------------- START -------------------- Sun Oct 17 22:17:23 2010
INFO:root:input file: data/soybean-large.data.orig.arff
INFO:root:test fraction: 0.2
INFO:root:algorithms: ['KStar']
INFO:root:class index: 0
INFO:root:do_worst False
INFO:root:2. Converged after 9 GA rounds
INFO:root:++++++ Sun Oct 17 22:21:50 2010 ++++++ True cnt = 9
INFO:root:accuracy = 96.7213
INFO:root:..........|.|.||..|.|.......|...|.......|.........|...|...|....|....|..||.........||.....||..........|.|....|....|......
INFO:root:test indexes =[10, 12, 14, 15, 18, 20, 28, 32, 40, 50, 54, 58, 63, 68, 71, 72, 82, 83, 89, 90, 101, 103, 108, 113, 126, 130, 135, 137, 144, 146, 154, 160, 163, 171, 177, 178, 189, 198, 203, 212, 214, 215, 219, 220, 222, 228, 235, 236, 254, 255, 256, 259, 264, 265, 267, 277, 279, 289, 293, 302, 305]
INFO:root:classifier:KStar ---------------------------------------
INFO:root:Correctly Classified Instances          59               96.7213 %
Incorrectly Classified Instances         2                3.2787 %
Kappa statistic                          0.9641
Mean absolute error                      0.0055
Root mean squared error                  0.0551
Relative absolute error                  5.3702 %
Root relative squared error             24.4369 %
Total Number of Instances               61
INFO:root:-------------------- START -------------------- Sun Oct 17 22:21:52 2010
INFO:root:input file: data/soybean-large.data.orig.arff
INFO:root:test fraction: 0.2
INFO:root:algorithms: ['KStar']
INFO:root:class index: 0
INFO:root:do_worst True
INFO:root:1. Converged after 76 GA rounds
INFO:root:++++++ Sun Oct 17 22:31:15 2010 ++++++ True cnt = 76
INFO:root:accuracy = 34.4262
INFO:root:.|.||..||...|...|.............|..........|.||.............|..|......|.....|....|......|.....||||........|..|..|.........
INFO:root:test indexes =[1, 3, 4, 7, 8, 12, 16, 30, 41, 43, 44, 58, 61, 68, 74, 79, 86, 92, 93, 94, 95, 104, 107, 110, 128, 131, 132, 135, 142, 146, 151, 159, 164, 169, 172, 181, 182, 190, 191, 193, 194, 205, 206, 220, 225, 232, 234, 236, 238, 240, 246, 249, 254, 263, 275, 277, 283, 289, 295, 298, 299]
INFO:root:classifier:KStar ---------------------------------------
INFO:root:Correctly Classified Instances          40               65.5738 %
Incorrectly Classified Instances        21               34.4262 %
Kappa statistic                          0.6222
Mean absolute error                      0.0315
Root mean squared error                  0.1506
Relative absolute error                 30.8439 %
Root relative squared error             66.8185 %
Total Number of Instances               61
INFO:root:-------------------- START -------------------- Sun Oct 17 22:31:17 2010
INFO:root:input file: data/soybean-large.data.orig.arff
INFO:root:test fraction: 0.2
INFO:root:algorithms: ['RandomForest']
INFO:root:class index: 0
INFO:root:do_worst False
INFO:root:2. Converged after 9 GA rounds
INFO:root:++++++ Sun Oct 17 22:31:48 2010 ++++++ True cnt = 9
INFO:root:accuracy = 95.082
INFO:root:......|..|...|...|.....|||...|............|...|.........||......||.......|...|..|...|......|.....|.|...|..............||
INFO:root:test indexes =[6, 9, 13, 17, 23, 24, 25, 29, 42, 46, 56, 57, 64, 65, 73, 77, 80, 84, 91, 97, 99, 103, 118, 119, 125, 129, 135, 139, 141, 145, 154, 156, 165, 167, 176, 178, 183, 197, 204, 209, 211, 212, 217, 221, 223, 226, 230, 240, 241, 252, 256, 257, 258, 270, 274, 281, 284, 287, 294, 296, 305]
INFO:root:classifier:RandomForest ---------------------------------------
INFO:root:Correctly Classified Instances          58               95.082  %
Incorrectly Classified Instances         3                4.918  %
Kappa statistic                          0.9461
Mean absolute error                      0.033 
Root mean squared error                  0.1016
Relative absolute error                 32.3342 %
Root relative squared error             45.1061 %
Total Number of Instances               61
INFO:root:-------------------- START -------------------- Sun Oct 17 22:31:48 2010
INFO:root:input file: data/soybean-large.data.orig.arff
INFO:root:test fraction: 0.2
INFO:root:algorithms: ['RandomForest']
INFO:root:class index: 0
INFO:root:do_worst True
INFO:root:1. Converged after 169 GA rounds
INFO:root:++++++ Sun Oct 17 22:33:43 2010 ++++++ True cnt = 169
INFO:root:accuracy = 37.7049
INFO:root:.||....|...................|..|....||.|.|..||...|................|...|...|...|.....|......|...|.|......|.....|....|..|..
INFO:root:test indexes =[1, 2, 7, 27, 30, 35, 36, 38, 40, 43, 44, 48, 65, 69, 73, 77, 83, 90, 94, 96, 103, 109, 114, 117, 128, 131, 135, 136, 140, 145, 152, 156, 162, 163, 180, 181, 183, 186, 187, 189, 190, 192, 200, 220, 223, 229, 234, 255, 257, 260, 264, 266, 270, 272, 274, 276, 279, 286, 292, 296, 305]
INFO:root:classifier:RandomForest ---------------------------------------
INFO:root:Correctly Classified Instances          38               62.2951 %
Incorrectly Classified Instances        23               37.7049 %
Kappa statistic                          0.5829
Mean absolute error                      0.054 
Root mean squared error                  0.1592
Relative absolute error                 52.8677 %
Root relative squared error             70.6741 %
Total Number of Instances               61
INFO:root:-------------------- START -------------------- Sun Oct 17 22:33:43 2010
INFO:root:input file: data/soybean-large.data.orig.arff
INFO:root:test fraction: 0.2
INFO:root:algorithms: ['SMO']
INFO:root:class index: 0
INFO:root:do_worst False
INFO:root:++++++ Sun Oct 17 23:41:13 2010 ++++++ False cnt = 0
INFO:root:accuracy = 96.7213
INFO:root:......|.......|....|....|.||.......||....|.|.........|....|...|..|........|.|.........|...||..||........|.....|.....|...
INFO:root:test indexes =[6, 14, 19, 24, 26, 27, 35, 36, 41, 43, 53, 58, 62, 65, 74, 76, 86, 90, 91, 94, 95, 104, 110, 116, 126, 132, 135, 136, 141, 148, 155, 161, 164, 166, 173, 176, 184, 190, 191, 198, 199, 203, 209, 210, 225, 227, 229, 243, 248, 256, 257, 259, 260, 270, 272, 277, 284, 288, 291, 302, 304]
INFO:root:classifier:SMO ---------------------------------------
INFO:root:Correctly Classified Instances          59               96.7213 %
Incorrectly Classified Instances         2                3.2787 %
Kappa statistic                          0.9641
Mean absolute error                      0.0988
Root mean squared error                  0.2178
Relative absolute error                 96.719  %
Root relative squared error             96.6835 %
Total Number of Instances               61
INFO:root:2. Converged after 9 GA rounds
INFO:root:++++++ Sun Oct 17 23:54:28 2010 ++++++ True cnt = 9
INFO:root:accuracy = 96.7213
INFO:root:......|.......|....|....|.||.......||....|.|.........|....|...|..|........|.|.........|...||..||........|.....|.....|...
INFO:root:test indexes =[6, 14, 19, 24, 26, 27, 35, 36, 41, 43, 53, 58, 62, 65, 74, 76, 86, 90, 91, 94, 95, 104, 110, 116, 126, 132, 135, 136, 141, 148, 155, 161, 164, 166, 173, 176, 184, 190, 191, 198, 199, 203, 209, 210, 225, 227, 229, 243, 248, 256, 257, 259, 260, 270, 272, 277, 284, 288, 291, 302, 304]
INFO:root:classifier:SMO ---------------------------------------
INFO:root:Correctly Classified Instances          59               96.7213 %
Incorrectly Classified Instances         2                3.2787 %
Kappa statistic                          0.9641
Mean absolute error                      0.0988
Root mean squared error                  0.2178
Relative absolute error                 96.719  %
Root relative squared error             96.6835 %
Total Number of Instances               61
INFO:root:-------------------- START -------------------- Sun Oct 17 23:55:08 2010
INFO:root:input file: data/soybean-large.data.orig.arff
INFO:root:test fraction: 0.2
INFO:root:algorithms: ['SMO']
INFO:root:class index: 0
INFO:root:do_worst True
INFO:root:++++++ Mon Oct 18 01:03:16 2010 ++++++ False cnt = 0
INFO:root:accuracy = 18.0328
INFO:root:.....|||..|.|................|...|.....|....||..||..........|.......|.....|...|.|........|....|.|...|....|..|......|....
INFO:root:test indexes =[5, 6, 7, 10, 12, 29, 33, 39, 44, 45, 48, 49, 60, 68, 74, 78, 80, 89, 94, 96, 100, 105, 108, 115, 120, 121, 124, 128, 143, 145, 150, 161, 164, 165, 177, 178, 193, 197, 202, 203, 205, 208, 219, 220, 225, 227, 229, 240, 245, 247, 252, 258, 266, 270, 273, 277, 285, 289, 293, 299, 301]
INFO:root:classifier:SMO ---------------------------------------
INFO:root:Correctly Classified Instances          50               81.9672 %
Incorrectly Classified Instances        11               18.0328 %
Kappa statistic                          0.8028
Mean absolute error                      0.0989
Root mean squared error                  0.2181
Relative absolute error                 96.8006 %
Root relative squared error             96.7772 %
Total Number of Instances               61
INFO:root:2. Converged after 9 GA rounds
INFO:root:++++++ Mon Oct 18 01:16:33 2010 ++++++ True cnt = 9
INFO:root:accuracy = 18.0328
INFO:root:.....|||..|.|................|...|.....|....||..||..........|.......|.....|...|.|........|....|.|...|....|..|......|....
INFO:root:test indexes =[5, 6, 7, 10, 12, 29, 33, 39, 44, 45, 48, 49, 60, 68, 74, 78, 80, 89, 94, 96, 100, 105, 108, 115, 120, 121, 124, 128, 143, 145, 150, 161, 164, 165, 177, 178, 193, 197, 202, 203, 205, 208, 219, 220, 225, 227, 229, 240, 245, 247, 252, 258, 266, 270, 273, 277, 285, 289, 293, 299, 301]
INFO:root:classifier:SMO ---------------------------------------
INFO:root:Correctly Classified Instances          50               81.9672 %
Incorrectly Classified Instances        11               18.0328 %
Kappa statistic                          0.8028
Mean absolute error                      0.0989
Root mean squared error                  0.2181
Relative absolute error                 96.8006 %
Root relative squared error             96.7772 %
Total Number of Instances               61
INFO:root:-------------------- START -------------------- Mon Oct 18 01:17:12 2010
INFO:root:input file: data/soybean-large.data.orig.arff
INFO:root:test fraction: 0.2
INFO:root:algorithms: ['MLP']
INFO:root:class index: 0
INFO:root:do_worst False
INFO:root:++++++ Mon Oct 18 14:03:15 2010 ++++++ False cnt = 0
INFO:root:accuracy = 98.3607
INFO:root:.....|....|..|.|....|...|..........|...||.....|..||............|....|..|....|...|.....|...||.|....|....|..............|.
INFO:root:test indexes =[5, 10, 13, 15, 20, 24, 35, 39, 40, 46, 49, 50, 63, 68, 71, 76, 80, 86, 90, 91, 93, 98, 103, 118, 120, 121, 128, 139, 142, 149, 152, 158, 163, 167, 177, 178, 193, 200, 204, 206, 209, 211, 217, 219, 225, 229, 234, 241, 243, 245, 251, 253, 255, 258, 267, 276, 277, 288, 290, 297, 300]
INFO:root:classifier:MLP ---------------------------------------
INFO:root:Correctly Classified Instances          60               98.3607 %
Incorrectly Classified Instances         1                1.6393 %
Kappa statistic                          0.982 
Mean absolute error                      0.0071
Root mean squared error                  0.0471
Relative absolute error                  6.9501 %
Root relative squared error             20.9205 %
Total Number of Instances               61
INFO:root:++++++ Mon Oct 18 14:48:23 2010 ++++++ False cnt = 2
INFO:root:accuracy = 98.3607
INFO:root:.....|....|..|.|....|...|..........|...||.....|..||............|....|..|....|...|.....|...||.|....|....|..............|.
INFO:root:test indexes =[5, 10, 13, 15, 20, 24, 35, 39, 40, 46, 49, 50, 63, 68, 71, 76, 80, 86, 90, 91, 93, 98, 103, 118, 120, 121, 128, 139, 142, 149, 152, 158, 163, 167, 177, 178, 193, 200, 204, 206, 209, 211, 217, 219, 225, 229, 234, 241, 243, 245, 251, 253, 255, 258, 267, 276, 277, 288, 290, 297, 300]
INFO:root:classifier:MLP ---------------------------------------
INFO:root:Correctly Classified Instances          60               98.3607 %
Incorrectly Classified Instances         1                1.6393 %
Kappa statistic                          0.982 
Mean absolute error                      0.0071
Root mean squared error                  0.0471
Relative absolute error                  6.9501 %
Root relative squared error             20.9205 %
Total Number of Instances               61
INFO:root:++++++ Mon Oct 18 15:33:25 2010 ++++++ False cnt = 4
INFO:root:accuracy = 98.3607
INFO:root:.....|....|..|.|....|...|..........|...||.....|..||............|....|..|....|...|.....|...||.|....|....|..............|.
INFO:root:test indexes =[5, 10, 13, 15, 20, 24, 35, 39, 40, 46, 49, 50, 63, 68, 71, 76, 80, 86, 90, 91, 93, 98, 103, 118, 120, 121, 128, 139, 142, 149, 152, 158, 163, 167, 177, 178, 193, 200, 204, 206, 209, 211, 217, 219, 225, 229, 234, 241, 243, 245, 251, 253, 255, 258, 267, 276, 277, 288, 290, 297, 300]
INFO:root:classifier:MLP ---------------------------------------
INFO:root:Correctly Classified Instances          60               98.3607 %
Incorrectly Classified Instances         1                1.6393 %
Kappa statistic                          0.982 
Mean absolute error                      0.0071
Root mean squared error                  0.0471
Relative absolute error                  6.9501 %
Root relative squared error             20.9205 %
Total Number of Instances               61
INFO:root:1. Converged after 7 GA rounds, best score =100.0
INFO:root:++++++ Mon Oct 18 16:33:14 2010 ++++++ True cnt = 7
INFO:root:accuracy = 100.0
INFO:root:.....|....|...||....|...|..........|...||.....|..||............|....|..|....|...|.....|.|.||......|....|..............|.
INFO:root:test indexes =[5, 10, 14, 15, 20, 24, 35, 39, 40, 46, 49, 50, 63, 68, 71, 76, 80, 86, 88, 90, 91, 98, 103, 118, 120, 121, 128, 139, 142, 149, 152, 158, 163, 167, 177, 178, 184, 193, 200, 204, 209, 211, 217, 219, 225, 229, 234, 238, 241, 243, 251, 253, 255, 258, 267, 276, 277, 288, 290, 297, 300]
INFO:root:classifier:MLP ---------------------------------------
INFO:root:Correctly Classified Instances          61              100      %
Incorrectly Classified Instances         0                0      %
Kappa statistic                          1     
Mean absolute error                      0.0059
Root mean squared error                  0.0262
Relative absolute error                  5.768  %
Root relative squared error             11.6312 %
Total Number of Instances               61
INFO:root:-------------------- START -------------------- Mon Oct 18 16:40:45 2010
INFO:root:input file: data/soybean-large.data.orig.arff
INFO:root:test fraction: 0.2
INFO:root:algorithms: ['MLP']
INFO:root:class index: 0
INFO:root:do_worst True
INFO:root:++++++ Tue Oct 19 05:32:38 2010 ++++++ False cnt = 0
INFO:root:accuracy = 14.7541
INFO:root:|.|.....||..|.|...............|.......|.....|.|....||.............|..|....|...|........||....|.......|...|.......||..|..
INFO:root:test indexes =[0, 2, 8, 9, 12, 14, 30, 38, 44, 46, 51, 52, 66, 69, 74, 78, 87, 88, 93, 101, 105, 113, 114, 117, 124, 127, 135, 138, 141, 144, 151, 161, 166, 170, 173, 177, 185, 186, 188, 190, 191, 195, 205, 207, 225, 229, 233, 242, 244, 246, 249, 265, 270, 272, 274, 276, 284, 291, 293, 297, 303]
INFO:root:classifier:MLP ---------------------------------------
INFO:root:Correctly Classified Instances          52               85.2459 %
Incorrectly Classified Instances         9               14.7541 %
Kappa statistic                          0.8377
Mean absolute error                      0.0188
Root mean squared error                  0.1116
Relative absolute error                 18.4353 %
Root relative squared error             49.5196 %
Total Number of Instances               61
INFO:root:++++++ Tue Oct 19 06:32:18 2010 ++++++ False cnt = 3
INFO:root:accuracy = 18.0328
INFO:root:|...|.|..|...|................|....||.......|......|...||......|.....|......|..|.|.||................|.....|.|....|..|..
INFO:root:test indexes =[0, 4, 6, 9, 13, 30, 35, 36, 44, 51, 55, 56, 63, 69, 76, 79, 81, 83, 84, 101, 107, 109, 114, 117, 125, 128, 129, 133, 144, 146, 155, 161, 162, 164, 179, 181, 185, 186, 190, 195, 207, 208, 220, 221, 222, 227, 231, 242, 244, 245, 246, 250, 258, 265, 269, 276, 283, 290, 295, 303, 305]
INFO:root:classifier:MLP ---------------------------------------
INFO:root:Correctly Classified Instances          50               81.9672 %
Incorrectly Classified Instances        11               18.0328 %
Kappa statistic                          0.8012
Mean absolute error                      0.0235
Root mean squared error                  0.118 
Relative absolute error                 23.0334 %
Root relative squared error             52.3704 %
Total Number of Instances               61
INFO:root:++++++ Tue Oct 19 07:31:52 2010 ++++++ False cnt = 6
INFO:root:accuracy = 18.0328
INFO:root:|...|.|..|...|................|....||.......|......|...||......|.....|......|..|.|.||................|.....|.|....|..|..
INFO:root:test indexes =[0, 4, 6, 9, 13, 30, 35, 36, 44, 51, 55, 56, 63, 69, 76, 79, 81, 83, 84, 101, 107, 109, 114, 117, 125, 128, 129, 133, 144, 146, 155, 161, 162, 164, 179, 181, 185, 186, 190, 195, 207, 208, 220, 221, 222, 227, 231, 242, 244, 245, 246, 250, 258, 265, 269, 276, 283, 290, 295, 303, 305]
INFO:root:classifier:MLP ---------------------------------------
INFO:root:Correctly Classified Instances          50               81.9672 %
Incorrectly Classified Instances        11               18.0328 %
Kappa statistic                          0.8012
Mean absolute error                      0.0235
Root mean squared error                  0.118 
Relative absolute error                 23.0334 %
Root relative squared error             52.3704 %
Total Number of Instances               61
INFO:root:++++++ Tue Oct 19 08:19:19 2010 ++++++ False cnt = 8
INFO:root:accuracy = 18.0328
INFO:root:|...|.|..|...|................|....||.......|......|...||......|.....|......|..|.|.||................|.....|.|....|..|..
INFO:root:test indexes =[0, 4, 6, 9, 13, 30, 35, 36, 44, 51, 55, 56, 63, 69, 76, 79, 81, 83, 84, 101, 107, 109, 114, 117, 125, 128, 129, 133, 144, 146, 155, 161, 162, 164, 179, 181, 185, 186, 190, 195, 207, 208, 220, 221, 222, 227, 231, 242, 244, 245, 246, 250, 258, 265, 269, 276, 283, 290, 295, 303, 305]
INFO:root:classifier:MLP ---------------------------------------
INFO:root:Correctly Classified Instances          50               81.9672 %
Incorrectly Classified Instances        11               18.0328 %
Kappa statistic                          0.8012
Mean absolute error                      0.0235
Root mean squared error                  0.118 
Relative absolute error                 23.0334 %
Root relative squared error             52.3704 %
Total Number of Instances               61
INFO:root:++++++ Tue Oct 19 09:17:28 2010 ++++++ False cnt = 11
INFO:root:accuracy = 18.0328
INFO:root:|...|.|..|...|................|....||.......|......|...||......|.....|......|..|.|.||................|.....|.|....|..|..
INFO:root:test indexes =[0, 4, 6, 9, 13, 30, 35, 36, 44, 51, 55, 56, 63, 69, 76, 79, 81, 83, 84, 101, 107, 109, 114, 117, 125, 128, 129, 133, 144, 146, 155, 161, 162, 164, 179, 181, 185, 186, 190, 195, 207, 208, 220, 221, 222, 227, 231, 242, 244, 245, 246, 250, 258, 265, 269, 276, 283, 290, 295, 303, 305]
INFO:root:classifier:MLP ---------------------------------------
INFO:root:Correctly Classified Instances          50               81.9672 %
Incorrectly Classified Instances        11               18.0328 %
Kappa statistic                          0.8012
Mean absolute error                      0.0235
Root mean squared error                  0.118 
Relative absolute error                 23.0334 %
Root relative squared error             52.3704 %
Total Number of Instances               61
INFO:root:++++++ Tue Oct 19 10:16:07 2010 ++++++ False cnt = 14
INFO:root:accuracy = 19.6721
INFO:root:|......|||..............|.....|..|....|....||......||.............|..|....|...|.....|...|....|.......|...||......||.....
INFO:root:test indexes =[0, 7, 8, 9, 24, 30, 33, 38, 43, 44, 51, 52, 66, 69, 74, 78, 84, 88, 93, 101, 105, 106, 113, 114, 127, 128, 129, 138, 141, 144, 151, 161, 166, 170, 173, 177, 182, 185, 190, 191, 195, 200, 207, 216, 225, 229, 233, 244, 246, 256, 258, 265, 269, 270, 274, 276, 284, 291, 293, 297, 303]
INFO:root:classifier:MLP ---------------------------------------
INFO:root:Correctly Classified Instances          49               80.3279 %
Incorrectly Classified Instances        12               19.6721 %
Kappa statistic                          0.7837
Mean absolute error                      0.0241
Root mean squared error                  0.1291
Relative absolute error                 23.5574 %
Root relative squared error             57.3077 %
Total Number of Instances               61
INFO:root:++++++ Tue Oct 19 11:15:04 2010 ++++++ False cnt = 17
INFO:root:accuracy = 19.6721
INFO:root:|......|||..............|.....|..|....|....||......||.............|..|....|...|.....|...|....|.......|...||......||.....
INFO:root:test indexes =[0, 7, 8, 9, 24, 30, 33, 38, 43, 44, 51, 52, 66, 69, 74, 78, 84, 88, 93, 101, 105, 106, 113, 114, 127, 128, 129, 138, 141, 144, 151, 161, 166, 170, 173, 177, 182, 185, 190, 191, 195, 200, 207, 216, 225, 229, 233, 244, 246, 256, 258, 265, 269, 270, 274, 276, 284, 291, 293, 297, 303]
INFO:root:classifier:MLP ---------------------------------------
INFO:root:Correctly Classified Instances          49               80.3279 %
Incorrectly Classified Instances        12               19.6721 %
Kappa statistic                          0.7837
Mean absolute error                      0.0241
Root mean squared error                  0.1291
Relative absolute error                 23.5574 %
Root relative squared error             57.3077 %
Total Number of Instances               61
INFO:root:++++++ Tue Oct 19 12:13:51 2010 ++++++ False cnt = 20
INFO:root:accuracy = 19.6721
INFO:root:|......|||..............|.....|..|....|....||......||.............|..|....|...|.....|...|....|.......|...||......||.....
INFO:root:test indexes =[0, 7, 8, 9, 24, 30, 33, 38, 43, 44, 51, 52, 66, 69, 74, 78, 84, 88, 93, 101, 105, 106, 113, 114, 127, 128, 129, 138, 141, 144, 151, 161, 166, 170, 173, 177, 182, 185, 190, 191, 195, 200, 207, 216, 225, 229, 233, 244, 246, 256, 258, 265, 269, 270, 274, 276, 284, 291, 293, 297, 303]
INFO:root:classifier:MLP ---------------------------------------
INFO:root:Correctly Classified Instances          49               80.3279 %
Incorrectly Classified Instances        12               19.6721 %
Kappa statistic                          0.7837
Mean absolute error                      0.0241
Root mean squared error                  0.1291
Relative absolute error                 23.5574 %
Root relative squared error             57.3077 %
Total Number of Instances               61
INFO:root:++++++ Tue Oct 19 13:12:29 2010 ++++++ False cnt = 23
INFO:root:accuracy = 19.6721
INFO:root:|......|||..............|.....|..|....|....||......||.............|..|....|...|.....|...|....|.......|...||......||.....
INFO:root:test indexes =[0, 7, 8, 9, 24, 30, 33, 38, 43, 44, 51, 52, 66, 69, 74, 78, 84, 88, 93, 101, 105, 106, 113, 114, 127, 128, 129, 138, 141, 144, 151, 161, 166, 170, 173, 177, 182, 185, 190, 191, 195, 200, 207, 216, 225, 229, 233, 244, 246, 256, 258, 265, 269, 270, 274, 276, 284, 291, 293, 297, 303]
INFO:root:classifier:MLP ---------------------------------------
INFO:root:Correctly Classified Instances          49               80.3279 %
Incorrectly Classified Instances        12               19.6721 %
Kappa statistic                          0.7837
Mean absolute error                      0.0241
Root mean squared error                  0.1291
Relative absolute error                 23.5574 %
Root relative squared error             57.3077 %
Total Number of Instances               61
INFO:root:++++++ Tue Oct 19 14:11:23 2010 ++++++ False cnt = 26
INFO:root:accuracy = 19.6721
INFO:root:|......|||..............|.....|..|....|....||......||.............|..|....|...|.....|...|....|.......|...||......||.....
INFO:root:test indexes =[0, 7, 8, 9, 24, 30, 33, 38, 43, 44, 51, 52, 66, 69, 74, 78, 84, 88, 93, 101, 105, 106, 113, 114, 127, 128, 129, 138, 141, 144, 151, 161, 166, 170, 173, 177, 182, 185, 190, 191, 195, 200, 207, 216, 225, 229, 233, 244, 246, 256, 258, 265, 269, 270, 274, 276, 284, 291, 293, 297, 303]
INFO:root:classifier:MLP ---------------------------------------
INFO:root:Correctly Classified Instances          49               80.3279 %
Incorrectly Classified Instances        12               19.6721 %
Kappa statistic                          0.7837
Mean absolute error                      0.0241
Root mean squared error                  0.1291
Relative absolute error                 23.5574 %
Root relative squared error             57.3077 %
Total Number of Instances               61
INFO:root:++++++ Tue Oct 19 15:10:17 2010 ++++++ False cnt = 29
INFO:root:accuracy = 19.6721
INFO:root:|......|||..............|.....|..|....|....||......||.............|..|....|...|.....|...|....|.......|...||......||.....
INFO:root:test indexes =[0, 7, 8, 9, 24, 30, 33, 38, 43, 44, 51, 52, 66, 69, 74, 78, 84, 88, 93, 101, 105, 106, 113, 114, 127, 128, 129, 138, 141, 144, 151, 161, 166, 170, 173, 177, 182, 185, 190, 191, 195, 200, 207, 216, 225, 229, 233, 244, 246, 256, 258, 265, 269, 270, 274, 276, 284, 291, 293, 297, 303]
INFO:root:classifier:MLP ---------------------------------------
INFO:root:Correctly Classified Instances          49               80.3279 %
Incorrectly Classified Instances        12               19.6721 %
Kappa statistic                          0.7837
Mean absolute error                      0.0241
Root mean squared error                  0.1291
Relative absolute error                 23.5574 %
Root relative squared error             57.3077 %
Total Number of Instances               61
INFO:root:++++++ Tue Oct 19 16:08:45 2010 ++++++ False cnt = 32
INFO:root:accuracy = 19.6721
INFO:root:|......|||..............|.....|..|....|....||......||.............|..|....|...|.....|...|....|.......|...||......||.....
INFO:root:test indexes =[0, 7, 8, 9, 24, 30, 33, 38, 43, 44, 51, 52, 66, 69, 74, 78, 84, 88, 93, 101, 105, 106, 113, 114, 127, 128, 129, 138, 141, 144, 151, 161, 166, 170, 173, 177, 182, 185, 190, 191, 195, 200, 207, 216, 225, 229, 233, 244, 246, 256, 258, 265, 269, 270, 274, 276, 284, 291, 293, 297, 303]
INFO:root:classifier:MLP ---------------------------------------
INFO:root:Correctly Classified Instances          49               80.3279 %
Incorrectly Classified Instances        12               19.6721 %
Kappa statistic                          0.7837
Mean absolute error                      0.0241
Root mean squared error                  0.1291
Relative absolute error                 23.5574 %
Root relative squared error             57.3077 %
Total Number of Instances               61
INFO:root:++++++ Tue Oct 19 17:07:30 2010 ++++++ False cnt = 35
INFO:root:accuracy = 19.6721
INFO:root:|......|||..............|.....|..|....|....||......||.............|..|....|...|.....|...|....|.......|...||......||.....
INFO:root:test indexes =[0, 7, 8, 9, 24, 30, 33, 38, 43, 44, 51, 52, 66, 69, 74, 78, 84, 88, 93, 101, 105, 106, 113, 114, 127, 128, 129, 138, 141, 144, 151, 161, 166, 170, 173, 177, 182, 185, 190, 191, 195, 200, 207, 216, 225, 229, 233, 244, 246, 256, 258, 265, 269, 270, 274, 276, 284, 291, 293, 297, 303]
INFO:root:classifier:MLP ---------------------------------------
INFO:root:Correctly Classified Instances          49               80.3279 %
Incorrectly Classified Instances        12               19.6721 %
Kappa statistic                          0.7837
Mean absolute error                      0.0241
Root mean squared error                  0.1291
Relative absolute error                 23.5574 %
Root relative squared error             57.3077 %
Total Number of Instances               61
INFO:root:++++++ Tue Oct 19 18:06:49 2010 ++++++ False cnt = 38
INFO:root:accuracy = 21.3115
INFO:root:|.......||............|.|.....|..|....|....||......||.............|..|....|...|.....|...|....|...........||......||..|..
INFO:root:test indexes =[0, 8, 9, 22, 24, 30, 33, 38, 43, 44, 51, 52, 66, 69, 74, 78, 84, 88, 93, 105, 106, 113, 114, 117, 127, 129, 135, 138, 141, 144, 151, 161, 166, 170, 173, 177, 182, 185, 190, 191, 195, 200, 206, 211, 225, 229, 233, 242, 244, 246, 249, 256, 258, 270, 274, 276, 284, 291, 293, 297, 303]
INFO:root:classifier:MLP ---------------------------------------
INFO:root:Correctly Classified Instances          48               78.6885 %
Incorrectly Classified Instances        13               21.3115 %
Kappa statistic                          0.765 
Mean absolute error                      0.0237
Root mean squared error                  0.1285
Relative absolute error                 23.2023 %
Root relative squared error             57.0472 %
Total Number of Instances               61
INFO:root:++++++ Tue Oct 19 19:04:24 2010 ++++++ False cnt = 41
INFO:root:accuracy = 21.3115
INFO:root:|.......||............|.|.....|..|....|....||......||.............|..|....|...|.....|...|....|...........||......||..|..
INFO:root:test indexes =[0, 8, 9, 22, 24, 30, 33, 38, 43, 44, 51, 52, 66, 69, 74, 78, 84, 88, 93, 105, 106, 113, 114, 117, 127, 129, 135, 138, 141, 144, 151, 161, 166, 170, 173, 177, 182, 185, 190, 191, 195, 200, 206, 211, 225, 229, 233, 242, 244, 246, 249, 256, 258, 270, 274, 276, 284, 291, 293, 297, 303]
INFO:root:classifier:MLP ---------------------------------------
INFO:root:Correctly Classified Instances          48               78.6885 %
Incorrectly Classified Instances        13               21.3115 %
Kappa statistic                          0.765 
Mean absolute error                      0.0237
Root mean squared error                  0.1285
Relative absolute error                 23.2023 %
Root relative squared error             57.0472 %
Total Number of Instances               61
INFO:root:++++++ Tue Oct 19 20:03:35 2010 ++++++ False cnt = 44
INFO:root:accuracy = 21.3115
INFO:root:|.......||............|.|.....|..|....|....||......||.............|..|....|...|.....|...|....|...........||......||..|..
INFO:root:test indexes =[0, 8, 9, 22, 24, 30, 33, 38, 43, 44, 51, 52, 66, 69, 74, 78, 84, 88, 93, 105, 106, 113, 114, 117, 127, 129, 135, 138, 141, 144, 151, 161, 166, 170, 173, 177, 182, 185, 190, 191, 195, 200, 206, 211, 225, 229, 233, 242, 244, 246, 249, 256, 258, 270, 274, 276, 284, 291, 293, 297, 303]
INFO:root:classifier:MLP ---------------------------------------
INFO:root:Correctly Classified Instances          48               78.6885 %
Incorrectly Classified Instances        13               21.3115 %
Kappa statistic                          0.765 
Mean absolute error                      0.0237
Root mean squared error                  0.1285
Relative absolute error                 23.2023 %
Root relative squared error             57.0472 %
Total Number of Instances               61
INFO:root:++++++ Tue Oct 19 21:04:37 2010 ++++++ False cnt = 47
INFO:root:accuracy = 22.9508
INFO:root:|......|||............|.|........|....|....|....|..||.............|..|....|...|...|||...|......|.........|........||....
INFO:root:test indexes =[0, 7, 8, 9, 22, 24, 33, 38, 43, 48, 51, 52, 66, 69, 74, 78, 82, 83, 84, 88, 95, 105, 114, 115, 129, 133, 135, 138, 141, 144, 151, 161, 166, 170, 173, 177, 182, 186, 190, 191, 195, 200, 206, 208, 225, 229, 233, 242, 244, 246, 249, 257, 258, 270, 274, 276, 284, 291, 293, 297, 303]
INFO:root:classifier:MLP ---------------------------------------
INFO:root:Correctly Classified Instances          47               77.0492 %
Incorrectly Classified Instances        14               22.9508 %
Kappa statistic                          0.7482
Mean absolute error                      0.0266
Root mean squared error                  0.1356
Relative absolute error                 26.061  %
Root relative squared error             60.1864 %
Total Number of Instances               61
INFO:root:++++++ Tue Oct 19 22:03:47 2010 ++++++ False cnt = 50
INFO:root:accuracy = 22.9508
INFO:root:|......|||............|.|........|....|....|....|..||.............|..|....|...|...|||...|......|.........|........||....
INFO:root:test indexes =[0, 7, 8, 9, 22, 24, 33, 38, 43, 48, 51, 52, 66, 69, 74, 78, 82, 83, 84, 88, 95, 105, 114, 115, 129, 133, 135, 138, 141, 144, 151, 161, 166, 170, 173, 177, 182, 186, 190, 191, 195, 200, 206, 208, 225, 229, 233, 242, 244, 246, 249, 257, 258, 270, 274, 276, 284, 291, 293, 297, 303]
INFO:root:classifier:MLP ---------------------------------------
INFO:root:Correctly Classified Instances          47               77.0492 %
Incorrectly Classified Instances        14               22.9508 %
Kappa statistic                          0.7482
Mean absolute error                      0.0266
Root mean squared error                  0.1356
Relative absolute error                 26.061  %
Root relative squared error             60.1864 %
Total Number of Instances               61
INFO:root:++++++ Tue Oct 19 22:53:34 2010 ++++++ False cnt = 52
INFO:root:accuracy = 22.9508
INFO:root:|......|||............|.|........|....|....|....|..||.............|..|....|...|...|||...|......|.........|........||....
INFO:root:test indexes =[0, 7, 8, 9, 22, 24, 33, 38, 43, 48, 51, 52, 66, 69, 74, 78, 82, 83, 84, 88, 95, 105, 114, 115, 129, 133, 135, 138, 141, 144, 151, 161, 166, 170, 173, 177, 182, 186, 190, 191, 195, 200, 206, 208, 225, 229, 233, 242, 244, 246, 249, 257, 258, 270, 274, 276, 284, 291, 293, 297, 303]
INFO:root:classifier:MLP ---------------------------------------
INFO:root:Correctly Classified Instances          47               77.0492 %
Incorrectly Classified Instances        14               22.9508 %
Kappa statistic                          0.7482
Mean absolute error                      0.0266
Root mean squared error                  0.1356
Relative absolute error                 26.061  %
Root relative squared error             60.1864 %
Total Number of Instances               61
INFO:root:++++++ Tue Oct 19 23:53:37 2010 ++++++ False cnt = 55
INFO:root:accuracy = 22.9508
INFO:root:|......|||............|.|........|....|....|....|..||.............|..|....|...|...|||...|......|.........|........||....
INFO:root:test indexes =[0, 7, 8, 9, 22, 24, 33, 38, 43, 48, 51, 52, 66, 69, 74, 78, 82, 83, 84, 88, 95, 105, 114, 115, 129, 133, 135, 138, 141, 144, 151, 161, 166, 170, 173, 177, 182, 186, 190, 191, 195, 200, 206, 208, 225, 229, 233, 242, 244, 246, 249, 257, 258, 270, 274, 276, 284, 291, 293, 297, 303]
INFO:root:classifier:MLP ---------------------------------------
INFO:root:Correctly Classified Instances          47               77.0492 %
Incorrectly Classified Instances        14               22.9508 %
Kappa statistic                          0.7482
Mean absolute error                      0.0266
Root mean squared error                  0.1356
Relative absolute error                 26.061  %
Root relative squared error             60.1864 %
Total Number of Instances               61
INFO:root:++++++ Wed Oct 20 00:52:49 2010 ++++++ False cnt = 58
INFO:root:accuracy = 22.9508
INFO:root:|......|||............|.|........|....|....|....|..||.............|..|....|...|...|||...|......|.........|........||....
INFO:root:test indexes =[0, 7, 8, 9, 22, 24, 33, 38, 43, 48, 51, 52, 66, 69, 74, 78, 82, 83, 84, 88, 95, 105, 114, 115, 129, 133, 135, 138, 141, 144, 151, 161, 166, 170, 173, 177, 182, 186, 190, 191, 195, 200, 206, 208, 225, 229, 233, 242, 244, 246, 249, 257, 258, 270, 274, 276, 284, 291, 293, 297, 303]
INFO:root:classifier:MLP ---------------------------------------
INFO:root:Correctly Classified Instances          47               77.0492 %
Incorrectly Classified Instances        14               22.9508 %
Kappa statistic                          0.7482
Mean absolute error                      0.0266
Root mean squared error                  0.1356
Relative absolute error                 26.061  %
Root relative squared error             60.1864 %
Total Number of Instances               61
INFO:root:++++++ Wed Oct 20 01:52:30 2010 ++++++ False cnt = 61
INFO:root:accuracy = 22.9508
INFO:root:|......|||............|.|........|....|....|....|..||.............|..|....|...|...|||...|......|.........|........||....
INFO:root:test indexes =[0, 7, 8, 9, 22, 24, 33, 38, 43, 48, 51, 52, 66, 69, 74, 78, 82, 83, 84, 88, 95, 105, 114, 115, 129, 133, 135, 138, 141, 144, 151, 161, 166, 170, 173, 177, 182, 186, 190, 191, 195, 200, 206, 208, 225, 229, 233, 242, 244, 246, 249, 257, 258, 270, 274, 276, 284, 291, 293, 297, 303]
INFO:root:classifier:MLP ---------------------------------------
INFO:root:Correctly Classified Instances          47               77.0492 %
Incorrectly Classified Instances        14               22.9508 %
Kappa statistic                          0.7482
Mean absolute error                      0.0266
Root mean squared error                  0.1356
Relative absolute error                 26.061  %
Root relative squared error             60.1864 %
Total Number of Instances               61
INFO:root:++++++ Wed Oct 20 02:52:09 2010 ++++++ False cnt = 64
INFO:root:accuracy = 22.9508
INFO:root:|......|||............|.|........|....|....|....|..||.............|..|....|...|...|||...|......|.........|........||....
INFO:root:test indexes =[0, 7, 8, 9, 22, 24, 33, 38, 43, 48, 51, 52, 66, 69, 74, 78, 82, 83, 84, 88, 95, 105, 114, 115, 129, 133, 135, 138, 141, 144, 151, 161, 166, 170, 173, 177, 182, 186, 190, 191, 195, 200, 206, 208, 225, 229, 233, 242, 244, 246, 249, 257, 258, 270, 274, 276, 284, 291, 293, 297, 303]
INFO:root:classifier:MLP ---------------------------------------
INFO:root:Correctly Classified Instances          47               77.0492 %
Incorrectly Classified Instances        14               22.9508 %
Kappa statistic                          0.7482
Mean absolute error                      0.0266
Root mean squared error                  0.1356
Relative absolute error                 26.061  %
Root relative squared error             60.1864 %
Total Number of Instances               61
INFO:root:++++++ Wed Oct 20 03:51:48 2010 ++++++ False cnt = 67
INFO:root:accuracy = 22.9508
INFO:root:|......|||............|.|........|....|....|....|..||.............|..|....|...|...|||...|......|.........|........||....
INFO:root:test indexes =[0, 7, 8, 9, 22, 24, 33, 38, 43, 48, 51, 52, 66, 69, 74, 78, 82, 83, 84, 88, 95, 105, 114, 115, 129, 133, 135, 138, 141, 144, 151, 161, 166, 170, 173, 177, 182, 186, 190, 191, 195, 200, 206, 208, 225, 229, 233, 242, 244, 246, 249, 257, 258, 270, 274, 276, 284, 291, 293, 297, 303]
INFO:root:classifier:MLP ---------------------------------------
INFO:root:Correctly Classified Instances          47               77.0492 %
Incorrectly Classified Instances        14               22.9508 %
Kappa statistic                          0.7482
Mean absolute error                      0.0266
Root mean squared error                  0.1356
Relative absolute error                 26.061  %
Root relative squared error             60.1864 %
Total Number of Instances               61
INFO:root:++++++ Wed Oct 20 04:51:25 2010 ++++++ False cnt = 70
INFO:root:accuracy = 22.9508
INFO:root:|......|||............|.|........|....|....|....|..||.............|..|....|...|...|||...|......|.........|........||....
INFO:root:test indexes =[0, 7, 8, 9, 22, 24, 33, 38, 43, 48, 51, 52, 66, 69, 74, 78, 82, 83, 84, 88, 95, 105, 114, 115, 129, 133, 135, 138, 141, 144, 151, 161, 166, 170, 173, 177, 182, 186, 190, 191, 195, 200, 206, 208, 225, 229, 233, 242, 244, 246, 249, 257, 258, 270, 274, 276, 284, 291, 293, 297, 303]
INFO:root:classifier:MLP ---------------------------------------
INFO:root:Correctly Classified Instances          47               77.0492 %
Incorrectly Classified Instances        14               22.9508 %
Kappa statistic                          0.7482
Mean absolute error                      0.0266
Root mean squared error                  0.1356
Relative absolute error                 26.061  %
Root relative squared error             60.1864 %
Total Number of Instances               61
INFO:root:++++++ Wed Oct 20 05:51:07 2010 ++++++ False cnt = 73
INFO:root:accuracy = 22.9508
INFO:root:|......|||............|.|........|....|....|....|..||.............|..|....|...|...|||...|......|.........|........||....
INFO:root:test indexes =[0, 7, 8, 9, 22, 24, 33, 38, 43, 48, 51, 52, 66, 69, 74, 78, 82, 83, 84, 88, 95, 105, 114, 115, 129, 133, 135, 138, 141, 144, 151, 161, 166, 170, 173, 177, 182, 186, 190, 191, 195, 200, 206, 208, 225, 229, 233, 242, 244, 246, 249, 257, 258, 270, 274, 276, 284, 291, 293, 297, 303]
INFO:root:classifier:MLP ---------------------------------------
INFO:root:Correctly Classified Instances          47               77.0492 %
Incorrectly Classified Instances        14               22.9508 %
Kappa statistic                          0.7482
Mean absolute error                      0.0266
Root mean squared error                  0.1356
Relative absolute error                 26.061  %
Root relative squared error             60.1864 %
Total Number of Instances               61
INFO:root:++++++ Wed Oct 20 06:43:25 2010 ++++++ False cnt = 76
INFO:root:accuracy = 22.9508
INFO:root:|......|||............|.|........|....|....|....|..||.............|..|....|...|...|||...|......|.........|........||....
INFO:root:test indexes =[0, 7, 8, 9, 22, 24, 33, 38, 43, 48, 51, 52, 66, 69, 74, 78, 82, 83, 84, 88, 95, 105, 114, 115, 129, 133, 135, 138, 141, 144, 151, 161, 166, 170, 173, 177, 182, 186, 190, 191, 195, 200, 206, 208, 225, 229, 233, 242, 244, 246, 249, 257, 258, 270, 274, 276, 284, 291, 293, 297, 303]
INFO:root:classifier:MLP ---------------------------------------
INFO:root:Correctly Classified Instances          47               77.0492 %
Incorrectly Classified Instances        14               22.9508 %
Kappa statistic                          0.7482
Mean absolute error                      0.0266
Root mean squared error                  0.1356
Relative absolute error                 26.061  %
Root relative squared error             60.1864 %
Total Number of Instances               61
INFO:root:++++++ Wed Oct 20 07:43:35 2010 ++++++ False cnt = 79
INFO:root:accuracy = 22.9508
INFO:root:|......|||............|.|........|....|....|....|..||.............|..|....|...|...|||...|......|.........|........||....
INFO:root:test indexes =[0, 7, 8, 9, 22, 24, 33, 38, 43, 48, 51, 52, 66, 69, 74, 78, 82, 83, 84, 88, 95, 105, 114, 115, 129, 133, 135, 138, 141, 144, 151, 161, 166, 170, 173, 177, 182, 186, 190, 191, 195, 200, 206, 208, 225, 229, 233, 242, 244, 246, 249, 257, 258, 270, 274, 276, 284, 291, 293, 297, 303]
INFO:root:classifier:MLP ---------------------------------------
INFO:root:Correctly Classified Instances          47               77.0492 %
Incorrectly Classified Instances        14               22.9508 %
Kappa statistic                          0.7482
Mean absolute error                      0.0266
Root mean squared error                  0.1356
Relative absolute error                 26.061  %
Root relative squared error             60.1864 %
Total Number of Instances               61
INFO:root:++++++ Wed Oct 20 08:43:15 2010 ++++++ False cnt = 82
INFO:root:accuracy = 22.9508
INFO:root:|......|||............|.|........|....|....|....|..||.............|..|....|...|...|||...|......|.........|........||....
INFO:root:test indexes =[0, 7, 8, 9, 22, 24, 33, 38, 43, 48, 51, 52, 66, 69, 74, 78, 82, 83, 84, 88, 95, 105, 114, 115, 129, 133, 135, 138, 141, 144, 151, 161, 166, 170, 173, 177, 182, 186, 190, 191, 195, 200, 206, 208, 225, 229, 233, 242, 244, 246, 249, 257, 258, 270, 274, 276, 284, 291, 293, 297, 303]
INFO:root:classifier:MLP ---------------------------------------
INFO:root:Correctly Classified Instances          47               77.0492 %
Incorrectly Classified Instances        14               22.9508 %
Kappa statistic                          0.7482
Mean absolute error                      0.0266
Root mean squared error                  0.1356
Relative absolute error                 26.061  %
Root relative squared error             60.1864 %
Total Number of Instances               61
INFO:root:++++++ Wed Oct 20 09:28:37 2010 ++++++ False cnt = 84
INFO:root:accuracy = 22.9508
INFO:root:|......|||............|.|........|....|....|....|..||.............|..|....|...|...|||...|......|.........|........||....
INFO:root:test indexes =[0, 7, 8, 9, 22, 24, 33, 38, 43, 48, 51, 52, 66, 69, 74, 78, 82, 83, 84, 88, 95, 105, 114, 115, 129, 133, 135, 138, 141, 144, 151, 161, 166, 170, 173, 177, 182, 186, 190, 191, 195, 200, 206, 208, 225, 229, 233, 242, 244, 246, 249, 257, 258, 270, 274, 276, 284, 291, 293, 297, 303]
INFO:root:classifier:MLP ---------------------------------------
INFO:root:Correctly Classified Instances          47               77.0492 %
Incorrectly Classified Instances        14               22.9508 %
Kappa statistic                          0.7482
Mean absolute error                      0.0266
Root mean squared error                  0.1356
Relative absolute error                 26.061  %
Root relative squared error             60.1864 %
Total Number of Instances               61
INFO:root:++++++ Wed Oct 20 10:14:21 2010 ++++++ False cnt = 86
INFO:root:accuracy = 22.9508
INFO:root:|......|||............|.|........|....|....|....|..||.............|..|....|...|...|||...|......|.........|........||....
INFO:root:test indexes =[0, 7, 8, 9, 22, 24, 33, 38, 43, 48, 51, 52, 66, 69, 74, 78, 82, 83, 84, 88, 95, 105, 114, 115, 129, 133, 135, 138, 141, 144, 151, 161, 166, 170, 173, 177, 182, 186, 190, 191, 195, 200, 206, 208, 225, 229, 233, 242, 244, 246, 249, 257, 258, 270, 274, 276, 284, 291, 293, 297, 303]
INFO:root:classifier:MLP ---------------------------------------
INFO:root:Correctly Classified Instances          47               77.0492 %
Incorrectly Classified Instances        14               22.9508 %
Kappa statistic                          0.7482
Mean absolute error                      0.0266
Root mean squared error                  0.1356
Relative absolute error                 26.061  %
Root relative squared error             60.1864 %
Total Number of Instances               61
INFO:root:++++++ Wed Oct 20 10:59:50 2010 ++++++ False cnt = 88
INFO:root:accuracy = 22.9508
INFO:root:|......|||............|.|........|....|....|....|..||.............|..|....|...|...|||...|......|.........|........||....
INFO:root:test indexes =[0, 7, 8, 9, 22, 24, 33, 38, 43, 48, 51, 52, 66, 69, 74, 78, 82, 83, 84, 88, 95, 105, 114, 115, 129, 133, 135, 138, 141, 144, 151, 161, 166, 170, 173, 177, 182, 186, 190, 191, 195, 200, 206, 208, 225, 229, 233, 242, 244, 246, 249, 257, 258, 270, 274, 276, 284, 291, 293, 297, 303]
INFO:root:classifier:MLP ---------------------------------------
INFO:root:Correctly Classified Instances          47               77.0492 %
Incorrectly Classified Instances        14               22.9508 %
Kappa statistic                          0.7482
Mean absolute error                      0.0266
Root mean squared error                  0.1356
Relative absolute error                 26.061  %
Root relative squared error             60.1864 %
Total Number of Instances               61
INFO:root:++++++ Wed Oct 20 11:45:15 2010 ++++++ False cnt = 90
INFO:root:accuracy = 22.9508
INFO:root:|......|||............|.|........|....|....|....|..||.............|..|....|...|...|||...|......|.........|........||....
INFO:root:test indexes =[0, 7, 8, 9, 22, 24, 33, 38, 43, 48, 51, 52, 66, 69, 74, 78, 82, 83, 84, 88, 95, 105, 114, 115, 129, 133, 135, 138, 141, 144, 151, 161, 166, 170, 173, 177, 182, 186, 190, 191, 195, 200, 206, 208, 225, 229, 233, 242, 244, 246, 249, 257, 258, 270, 274, 276, 284, 291, 293, 297, 303]
INFO:root:classifier:MLP ---------------------------------------
INFO:root:Correctly Classified Instances          47               77.0492 %
Incorrectly Classified Instances        14               22.9508 %
Kappa statistic                          0.7482
Mean absolute error                      0.0266
Root mean squared error                  0.1356
Relative absolute error                 26.061  %
Root relative squared error             60.1864 %
Total Number of Instances               61
INFO:root:++++++ Wed Oct 20 12:38:18 2010 ++++++ False cnt = 93
INFO:root:accuracy = 22.9508
INFO:root:|......|||............|.|........|....|....|....|..||.............|..|....|...|...|||...|......|.........|........||....
INFO:root:test indexes =[0, 7, 8, 9, 22, 24, 33, 38, 43, 48, 51, 52, 66, 69, 74, 78, 82, 83, 84, 88, 95, 105, 114, 115, 129, 133, 135, 138, 141, 144, 151, 161, 166, 170, 173, 177, 182, 186, 190, 191, 195, 200, 206, 208, 225, 229, 233, 242, 244, 246, 249, 257, 258, 270, 274, 276, 284, 291, 293, 297, 303]
INFO:root:classifier:MLP ---------------------------------------
INFO:root:Correctly Classified Instances          47               77.0492 %
Incorrectly Classified Instances        14               22.9508 %
Kappa statistic                          0.7482
Mean absolute error                      0.0266
Root mean squared error                  0.1356
Relative absolute error                 26.061  %
Root relative squared error             60.1864 %
Total Number of Instances               61
INFO:root:++++++ Wed Oct 20 13:23:42 2010 ++++++ False cnt = 95
INFO:root:accuracy = 22.9508
INFO:root:|......|||............|.|........|....|....|....|..||.............|..|....|...|...|||...|......|.........|........||....
INFO:root:test indexes =[0, 7, 8, 9, 22, 24, 33, 38, 43, 48, 51, 52, 66, 69, 74, 78, 82, 83, 84, 88, 95, 105, 114, 115, 129, 133, 135, 138, 141, 144, 151, 161, 166, 170, 173, 177, 182, 186, 190, 191, 195, 200, 206, 208, 225, 229, 233, 242, 244, 246, 249, 257, 258, 270, 274, 276, 284, 291, 293, 297, 303]
INFO:root:classifier:MLP ---------------------------------------
INFO:root:Correctly Classified Instances          47               77.0492 %
Incorrectly Classified Instances        14               22.9508 %
Kappa statistic                          0.7482
Mean absolute error                      0.0266
Root mean squared error                  0.1356
Relative absolute error                 26.061  %
Root relative squared error             60.1864 %
Total Number of Instances               61
INFO:root:++++++ Wed Oct 20 14:08:52 2010 ++++++ False cnt = 97
INFO:root:accuracy = 22.9508
INFO:root:|......|||............|.|........|....|....|....|..||.............|..|....|...|...|||...|......|.........|........||....
INFO:root:test indexes =[0, 7, 8, 9, 22, 24, 33, 38, 43, 48, 51, 52, 66, 69, 74, 78, 82, 83, 84, 88, 95, 105, 114, 115, 129, 133, 135, 138, 141, 144, 151, 161, 166, 170, 173, 177, 182, 186, 190, 191, 195, 200, 206, 208, 225, 229, 233, 242, 244, 246, 249, 257, 258, 270, 274, 276, 284, 291, 293, 297, 303]
INFO:root:classifier:MLP ---------------------------------------
INFO:root:Correctly Classified Instances          47               77.0492 %
Incorrectly Classified Instances        14               22.9508 %
Kappa statistic                          0.7482
Mean absolute error                      0.0266
Root mean squared error                  0.1356
Relative absolute error                 26.061  %
Root relative squared error             60.1864 %
Total Number of Instances               61
INFO:root:++++++ Wed Oct 20 14:54:04 2010 ++++++ False cnt = 99
INFO:root:accuracy = 22.9508
INFO:root:|......|||............|.|........|....|....|....|..||.............|..|....|...|...|||...|......|.........|........||....
INFO:root:test indexes =[0, 7, 8, 9, 22, 24, 33, 38, 43, 48, 51, 52, 66, 69, 74, 78, 82, 83, 84, 88, 95, 105, 114, 115, 129, 133, 135, 138, 141, 144, 151, 161, 166, 170, 173, 177, 182, 186, 190, 191, 195, 200, 206, 208, 225, 229, 233, 242, 244, 246, 249, 257, 258, 270, 274, 276, 284, 291, 293, 297, 303]
INFO:root:classifier:MLP ---------------------------------------
INFO:root:Correctly Classified Instances          47               77.0492 %
Incorrectly Classified Instances        14               22.9508 %
Kappa statistic                          0.7482
Mean absolute error                      0.0266
Root mean squared error                  0.1356
Relative absolute error                 26.061  %
Root relative squared error             60.1864 %
Total Number of Instances               61
INFO:root:++++++ Wed Oct 20 15:39:53 2010 ++++++ False cnt = 101
INFO:root:accuracy = 22.9508
INFO:root:|......|||............|.|........|....|....|....|..||.............|..|....|...|...|||...|......|.........|........||....
INFO:root:test indexes =[0, 7, 8, 9, 22, 24, 33, 38, 43, 48, 51, 52, 66, 69, 74, 78, 82, 83, 84, 88, 95, 105, 114, 115, 129, 133, 135, 138, 141, 144, 151, 161, 166, 170, 173, 177, 182, 186, 190, 191, 195, 200, 206, 208, 225, 229, 233, 242, 244, 246, 249, 257, 258, 270, 274, 276, 284, 291, 293, 297, 303]
INFO:root:classifier:MLP ---------------------------------------
INFO:root:Correctly Classified Instances          47               77.0492 %
Incorrectly Classified Instances        14               22.9508 %
Kappa statistic                          0.7482
Mean absolute error                      0.0266
Root mean squared error                  0.1356
Relative absolute error                 26.061  %
Root relative squared error             60.1864 %
Total Number of Instances               61
INFO:root:++++++ Wed Oct 20 16:25:30 2010 ++++++ False cnt = 103
INFO:root:accuracy = 22.9508
INFO:root:|......|||............|.|........|....|....|....|..||.............|..|....|...|...|||...|......|.........|........||....
INFO:root:test indexes =[0, 7, 8, 9, 22, 24, 33, 38, 43, 48, 51, 52, 66, 69, 74, 78, 82, 83, 84, 88, 95, 105, 114, 115, 129, 133, 135, 138, 141, 144, 151, 161, 166, 170, 173, 177, 182, 186, 190, 191, 195, 200, 206, 208, 225, 229, 233, 242, 244, 246, 249, 257, 258, 270, 274, 276, 284, 291, 293, 297, 303]
INFO:root:classifier:MLP ---------------------------------------
INFO:root:Correctly Classified Instances          47               77.0492 %
Incorrectly Classified Instances        14               22.9508 %
Kappa statistic                          0.7482
Mean absolute error                      0.0266
Root mean squared error                  0.1356
Relative absolute error                 26.061  %
Root relative squared error             60.1864 %
Total Number of Instances               61
INFO:root:++++++ Wed Oct 20 17:18:47 2010 ++++++ False cnt = 106
INFO:root:accuracy = 22.9508
INFO:root:|......|||............|.|........|....|....|....|..||.............|..|....|...|...|||...|......|.........|........||....
INFO:root:test indexes =[0, 7, 8, 9, 22, 24, 33, 38, 43, 48, 51, 52, 66, 69, 74, 78, 82, 83, 84, 88, 95, 105, 114, 115, 129, 133, 135, 138, 141, 144, 151, 161, 166, 170, 173, 177, 182, 186, 190, 191, 195, 200, 206, 208, 225, 229, 233, 242, 244, 246, 249, 257, 258, 270, 274, 276, 284, 291, 293, 297, 303]
INFO:root:classifier:MLP ---------------------------------------
INFO:root:Correctly Classified Instances          47               77.0492 %
Incorrectly Classified Instances        14               22.9508 %
Kappa statistic                          0.7482
Mean absolute error                      0.0266
Root mean squared error                  0.1356
Relative absolute error                 26.061  %
Root relative squared error             60.1864 %
Total Number of Instances               61
INFO:root:++++++ Wed Oct 20 18:04:02 2010 ++++++ False cnt = 108
INFO:root:accuracy = 22.9508
INFO:root:|......|||............|.|........|....|....|....|..||.............|..|....|...|...|||...|......|.........|........||....
INFO:root:test indexes =[0, 7, 8, 9, 22, 24, 33, 38, 43, 48, 51, 52, 66, 69, 74, 78, 82, 83, 84, 88, 95, 105, 114, 115, 129, 133, 135, 138, 141, 144, 151, 161, 166, 170, 173, 177, 182, 186, 190, 191, 195, 200, 206, 208, 225, 229, 233, 242, 244, 246, 249, 257, 258, 270, 274, 276, 284, 291, 293, 297, 303]
INFO:root:classifier:MLP ---------------------------------------
INFO:root:Correctly Classified Instances          47               77.0492 %
Incorrectly Classified Instances        14               22.9508 %
Kappa statistic                          0.7482
Mean absolute error                      0.0266
Root mean squared error                  0.1356
Relative absolute error                 26.061  %
Root relative squared error             60.1864 %
Total Number of Instances               61
INFO:root:++++++ Wed Oct 20 19:04:03 2010 ++++++ False cnt = 111
INFO:root:accuracy = 22.9508
INFO:root:|......|||............|.|........|....|....|....|..||.............|..|....|...|...|||...|......|.........|........||....
INFO:root:test indexes =[0, 7, 8, 9, 22, 24, 33, 38, 43, 48, 51, 52, 66, 69, 74, 78, 82, 83, 84, 88, 95, 105, 114, 115, 129, 133, 135, 138, 141, 144, 151, 161, 166, 170, 173, 177, 182, 186, 190, 191, 195, 200, 206, 208, 225, 229, 233, 242, 244, 246, 249, 257, 258, 270, 274, 276, 284, 291, 293, 297, 303]
INFO:root:classifier:MLP ---------------------------------------
INFO:root:Correctly Classified Instances          47               77.0492 %
Incorrectly Classified Instances        14               22.9508 %
Kappa statistic                          0.7482
Mean absolute error                      0.0266
Root mean squared error                  0.1356
Relative absolute error                 26.061  %
Root relative squared error             60.1864 %
Total Number of Instances               61
INFO:root:++++++ Wed Oct 20 20:04:22 2010 ++++++ False cnt = 114
INFO:root:accuracy = 22.9508
INFO:root:|......|||............|.|........|....|....|....|..||.............|..|....|...|...|||...|......|.........|........||....
INFO:root:test indexes =[0, 7, 8, 9, 22, 24, 33, 38, 43, 48, 51, 52, 66, 69, 74, 78, 82, 83, 84, 88, 95, 105, 114, 115, 129, 133, 135, 138, 141, 144, 151, 161, 166, 170, 173, 177, 182, 186, 190, 191, 195, 200, 206, 208, 225, 229, 233, 242, 244, 246, 249, 257, 258, 270, 274, 276, 284, 291, 293, 297, 303]
INFO:root:classifier:MLP ---------------------------------------
INFO:root:Correctly Classified Instances          47               77.0492 %
Incorrectly Classified Instances        14               22.9508 %
Kappa statistic                          0.7482
Mean absolute error                      0.0266
Root mean squared error                  0.1356
Relative absolute error                 26.061  %
Root relative squared error             60.1864 %
Total Number of Instances               61
INFO:root:++++++ Wed Oct 20 20:50:03 2010 ++++++ False cnt = 117
INFO:root:accuracy = 22.9508
INFO:root:|......|||............|.|........|....|....|....|..||.............|..|....|...|...|||...|......|.........|........||....
INFO:root:test indexes =[0, 7, 8, 9, 22, 24, 33, 38, 43, 48, 51, 52, 66, 69, 74, 78, 82, 83, 84, 88, 95, 105, 114, 115, 129, 133, 135, 138, 141, 144, 151, 161, 166, 170, 173, 177, 182, 186, 190, 191, 195, 200, 206, 208, 225, 229, 233, 242, 244, 246, 249, 257, 258, 270, 274, 276, 284, 291, 293, 297, 303]
INFO:root:classifier:MLP ---------------------------------------
INFO:root:Correctly Classified Instances          47               77.0492 %
Incorrectly Classified Instances        14               22.9508 %
Kappa statistic                          0.7482
Mean absolute error                      0.0266
Root mean squared error                  0.1356
Relative absolute error                 26.061  %
Root relative squared error             60.1864 %
Total Number of Instances               61
INFO:root:++++++ Wed Oct 20 21:35:46 2010 ++++++ False cnt = 120
INFO:root:accuracy = 22.9508
INFO:root:|......|||............|.|........|....|....|....|..||.............|..|....|...|...|||...|......|.........|........||....
INFO:root:test indexes =[0, 7, 8, 9, 22, 24, 33, 38, 43, 48, 51, 52, 66, 69, 74, 78, 82, 83, 84, 88, 95, 105, 114, 115, 129, 133, 135, 138, 141, 144, 151, 161, 166, 170, 173, 177, 182, 186, 190, 191, 195, 200, 206, 208, 225, 229, 233, 242, 244, 246, 249, 257, 258, 270, 274, 276, 284, 291, 293, 297, 303]
INFO:root:classifier:MLP ---------------------------------------
INFO:root:Correctly Classified Instances          47               77.0492 %
Incorrectly Classified Instances        14               22.9508 %
Kappa statistic                          0.7482
Mean absolute error                      0.0266
Root mean squared error                  0.1356
Relative absolute error                 26.061  %
Root relative squared error             60.1864 %
Total Number of Instances               61
INFO:root:++++++ Wed Oct 20 22:21:06 2010 ++++++ False cnt = 122
INFO:root:accuracy = 22.9508
INFO:root:|......|||............|.|........|....|....|....|..||.............|..|....|...|...|||...|......|.........|........||....
INFO:root:test indexes =[0, 7, 8, 9, 22, 24, 33, 38, 43, 48, 51, 52, 66, 69, 74, 78, 82, 83, 84, 88, 95, 105, 114, 115, 129, 133, 135, 138, 141, 144, 151, 161, 166, 170, 173, 177, 182, 186, 190, 191, 195, 200, 206, 208, 225, 229, 233, 242, 244, 246, 249, 257, 258, 270, 274, 276, 284, 291, 293, 297, 303]
INFO:root:classifier:MLP ---------------------------------------
INFO:root:Correctly Classified Instances          47               77.0492 %
Incorrectly Classified Instances        14               22.9508 %
Kappa statistic                          0.7482
Mean absolute error                      0.0266
Root mean squared error                  0.1356
Relative absolute error                 26.061  %
Root relative squared error             60.1864 %
Total Number of Instances               61
INFO:root:++++++ Wed Oct 20 23:09:15 2010 ++++++ False cnt = 124
INFO:root:accuracy = 22.9508
INFO:root:|......|||............|.|........|....|....|....|..||.............|..|....|...|...|||...|......|.........|........||....
INFO:root:test indexes =[0, 7, 8, 9, 22, 24, 33, 38, 43, 48, 51, 52, 66, 69, 74, 78, 82, 83, 84, 88, 95, 105, 114, 115, 129, 133, 135, 138, 141, 144, 151, 161, 166, 170, 173, 177, 182, 186, 190, 191, 195, 200, 206, 208, 225, 229, 233, 242, 244, 246, 249, 257, 258, 270, 274, 276, 284, 291, 293, 297, 303]
INFO:root:classifier:MLP ---------------------------------------
INFO:root:Correctly Classified Instances          47               77.0492 %
Incorrectly Classified Instances        14               22.9508 %
Kappa statistic                          0.7482
Mean absolute error                      0.0266
Root mean squared error                  0.1356
Relative absolute error                 26.061  %
Root relative squared error             60.1864 %
Total Number of Instances               61
INFO:root:++++++ Thu Oct 21 00:09:16 2010 ++++++ False cnt = 127
INFO:root:accuracy = 22.9508
INFO:root:|......|||............|.|........|....|....|....|..||.............|..|....|...|...|||...|......|.........|........||....
INFO:root:test indexes =[0, 7, 8, 9, 22, 24, 33, 38, 43, 48, 51, 52, 66, 69, 74, 78, 82, 83, 84, 88, 95, 105, 114, 115, 129, 133, 135, 138, 141, 144, 151, 161, 166, 170, 173, 177, 182, 186, 190, 191, 195, 200, 206, 208, 225, 229, 233, 242, 244, 246, 249, 257, 258, 270, 274, 276, 284, 291, 293, 297, 303]
INFO:root:classifier:MLP ---------------------------------------
INFO:root:Correctly Classified Instances          47               77.0492 %
Incorrectly Classified Instances        14               22.9508 %
Kappa statistic                          0.7482
Mean absolute error                      0.0266
Root mean squared error                  0.1356
Relative absolute error                 26.061  %
Root relative squared error             60.1864 %
Total Number of Instances               61
INFO:root:++++++ Thu Oct 21 01:01:36 2010 ++++++ False cnt = 131
INFO:root:accuracy = 22.9508
INFO:root:|......|||............|.|........|....|....|....|..||.............|..|....|...|...|||...|......|.........|........||....
INFO:root:test indexes =[0, 7, 8, 9, 22, 24, 33, 38, 43, 48, 51, 52, 66, 69, 74, 78, 82, 83, 84, 88, 95, 105, 114, 115, 129, 133, 135, 138, 141, 144, 151, 161, 166, 170, 173, 177, 182, 186, 190, 191, 195, 200, 206, 208, 225, 229, 233, 242, 244, 246, 249, 257, 258, 270, 274, 276, 284, 291, 293, 297, 303]
INFO:root:classifier:MLP ---------------------------------------
INFO:root:Correctly Classified Instances          47               77.0492 %
Incorrectly Classified Instances        14               22.9508 %
Kappa statistic                          0.7482
Mean absolute error                      0.0266
Root mean squared error                  0.1356
Relative absolute error                 26.061  %
Root relative squared error             60.1864 %
Total Number of Instances               61
INFO:root:++++++ Thu Oct 21 01:53:55 2010 ++++++ False cnt = 134
INFO:root:accuracy = 22.9508
INFO:root:|......|||............|.|........|....|....|....|..||.............|..|....|...|...|||...|......|.........|........||....
INFO:root:test indexes =[0, 7, 8, 9, 22, 24, 33, 38, 43, 48, 51, 52, 66, 69, 74, 78, 82, 83, 84, 88, 95, 105, 114, 115, 129, 133, 135, 138, 141, 144, 151, 161, 166, 170, 173, 177, 182, 186, 190, 191, 195, 200, 206, 208, 225, 229, 233, 242, 244, 246, 249, 257, 258, 270, 274, 276, 284, 291, 293, 297, 303]
INFO:root:classifier:MLP ---------------------------------------
INFO:root:Correctly Classified Instances          47               77.0492 %
Incorrectly Classified Instances        14               22.9508 %
Kappa statistic                          0.7482
Mean absolute error                      0.0266
Root mean squared error                  0.1356
Relative absolute error                 26.061  %
Root relative squared error             60.1864 %
Total Number of Instances               61
INFO:root:++++++ Thu Oct 21 02:46:10 2010 ++++++ False cnt = 137
INFO:root:accuracy = 22.9508
INFO:root:|......|||............|.|........|....|....|....|..||.............|..|....|...|...|||...|......|.........|........||....
INFO:root:test indexes =[0, 7, 8, 9, 22, 24, 33, 38, 43, 48, 51, 52, 66, 69, 74, 78, 82, 83, 84, 88, 95, 105, 114, 115, 129, 133, 135, 138, 141, 144, 151, 161, 166, 170, 173, 177, 182, 186, 190, 191, 195, 200, 206, 208, 225, 229, 233, 242, 244, 246, 249, 257, 258, 270, 274, 276, 284, 291, 293, 297, 303]
INFO:root:classifier:MLP ---------------------------------------
INFO:root:Correctly Classified Instances          47               77.0492 %
Incorrectly Classified Instances        14               22.9508 %
Kappa statistic                          0.7482
Mean absolute error                      0.0266
Root mean squared error                  0.1356
Relative absolute error                 26.061  %
Root relative squared error             60.1864 %
Total Number of Instances               61
INFO:root:++++++ Thu Oct 21 03:38:23 2010 ++++++ False cnt = 140
INFO:root:accuracy = 22.9508
INFO:root:|......|||............|.|........|....|....|....|..||.............|..|....|...|...|||...|......|.........|........||....
INFO:root:test indexes =[0, 7, 8, 9, 22, 24, 33, 38, 43, 48, 51, 52, 66, 69, 74, 78, 82, 83, 84, 88, 95, 105, 114, 115, 129, 133, 135, 138, 141, 144, 151, 161, 166, 170, 173, 177, 182, 186, 190, 191, 195, 200, 206, 208, 225, 229, 233, 242, 244, 246, 249, 257, 258, 270, 274, 276, 284, 291, 293, 297, 303]
INFO:root:classifier:MLP ---------------------------------------
INFO:root:Correctly Classified Instances          47               77.0492 %
Incorrectly Classified Instances        14               22.9508 %
Kappa statistic                          0.7482
Mean absolute error                      0.0266
Root mean squared error                  0.1356
Relative absolute error                 26.061  %
Root relative squared error             60.1864 %
Total Number of Instances               61
INFO:root:++++++ Thu Oct 21 04:38:09 2010 ++++++ False cnt = 145
INFO:root:accuracy = 22.9508
INFO:root:|......|||............|.|........|....|....|....|..||.............|..|....|...|...|||...|......|.........|........||....
INFO:root:test indexes =[0, 7, 8, 9, 22, 24, 33, 38, 43, 48, 51, 52, 66, 69, 74, 78, 82, 83, 84, 88, 95, 105, 114, 115, 129, 133, 135, 138, 141, 144, 151, 161, 166, 170, 173, 177, 182, 186, 190, 191, 195, 200, 206, 208, 225, 229, 233, 242, 244, 246, 249, 257, 258, 270, 274, 276, 284, 291, 293, 297, 303]
INFO:root:classifier:MLP ---------------------------------------
INFO:root:Correctly Classified Instances          47               77.0492 %
Incorrectly Classified Instances        14               22.9508 %
Kappa statistic                          0.7482
Mean absolute error                      0.0266
Root mean squared error                  0.1356
Relative absolute error                 26.061  %
Root relative squared error             60.1864 %
Total Number of Instances               61
INFO:root:++++++ Thu Oct 21 05:37:53 2010 ++++++ False cnt = 149
INFO:root:accuracy = 22.9508
INFO:root:|......|||............|.|........|....|....|....|..||.............|..|....|...|...|||...|......|.........|........||....
INFO:root:test indexes =[0, 7, 8, 9, 22, 24, 33, 38, 43, 48, 51, 52, 66, 69, 74, 78, 82, 83, 84, 88, 95, 105, 114, 115, 129, 133, 135, 138, 141, 144, 151, 161, 166, 170, 173, 177, 182, 186, 190, 191, 195, 200, 206, 208, 225, 229, 233, 242, 244, 246, 249, 257, 258, 270, 274, 276, 284, 291, 293, 297, 303]
INFO:root:classifier:MLP ---------------------------------------
INFO:root:Correctly Classified Instances          47               77.0492 %
Incorrectly Classified Instances        14               22.9508 %
Kappa statistic                          0.7482
Mean absolute error                      0.0266
Root mean squared error                  0.1356
Relative absolute error                 26.061  %
Root relative squared error             60.1864 %
Total Number of Instances               61
INFO:root:++++++ Thu Oct 21 06:30:09 2010 ++++++ False cnt = 152
INFO:root:accuracy = 22.9508
INFO:root:|......|||............|.|........|....|....|....|..||.............|..|....|...|...|||...|......|.........|........||....
INFO:root:test indexes =[0, 7, 8, 9, 22, 24, 33, 38, 43, 48, 51, 52, 66, 69, 74, 78, 82, 83, 84, 88, 95, 105, 114, 115, 129, 133, 135, 138, 141, 144, 151, 161, 166, 170, 173, 177, 182, 186, 190, 191, 195, 200, 206, 208, 225, 229, 233, 242, 244, 246, 249, 257, 258, 270, 274, 276, 284, 291, 293, 297, 303]
INFO:root:classifier:MLP ---------------------------------------
INFO:root:Correctly Classified Instances          47               77.0492 %
Incorrectly Classified Instances        14               22.9508 %
Kappa statistic                          0.7482
Mean absolute error                      0.0266
Root mean squared error                  0.1356
Relative absolute error                 26.061  %
Root relative squared error             60.1864 %
Total Number of Instances               61
INFO:root:++++++ Thu Oct 21 07:22:25 2010 ++++++ False cnt = 156
INFO:root:accuracy = 22.9508
INFO:root:|......|||............|.|........|....|....|....|..||.............|..|....|...|...|||...|......|.........|........||....
INFO:root:test indexes =[0, 7, 8, 9, 22, 24, 33, 38, 43, 48, 51, 52, 66, 69, 74, 78, 82, 83, 84, 88, 95, 105, 114, 115, 129, 133, 135, 138, 141, 144, 151, 161, 166, 170, 173, 177, 182, 186, 190, 191, 195, 200, 206, 208, 225, 229, 233, 242, 244, 246, 249, 257, 258, 270, 274, 276, 284, 291, 293, 297, 303]
INFO:root:classifier:MLP ---------------------------------------
INFO:root:Correctly Classified Instances          47               77.0492 %
Incorrectly Classified Instances        14               22.9508 %
Kappa statistic                          0.7482
Mean absolute error                      0.0266
Root mean squared error                  0.1356
Relative absolute error                 26.061  %
Root relative squared error             60.1864 %
Total Number of Instances               61
INFO:root:++++++ Thu Oct 21 08:14:18 2010 ++++++ False cnt = 161
INFO:root:accuracy = 22.9508
INFO:root:|......|||............|.|........|....|....|....|..||.............|..|....|...|...|||...|......|.........|........||....
INFO:root:test indexes =[0, 7, 8, 9, 22, 24, 33, 38, 43, 48, 51, 52, 66, 69, 74, 78, 82, 83, 84, 88, 95, 105, 114, 115, 129, 133, 135, 138, 141, 144, 151, 161, 166, 170, 173, 177, 182, 186, 190, 191, 195, 200, 206, 208, 225, 229, 233, 242, 244, 246, 249, 257, 258, 270, 274, 276, 284, 291, 293, 297, 303]
INFO:root:classifier:MLP ---------------------------------------
INFO:root:Correctly Classified Instances          47               77.0492 %
Incorrectly Classified Instances        14               22.9508 %
Kappa statistic                          0.7482
Mean absolute error                      0.0266
Root mean squared error                  0.1356
Relative absolute error                 26.061  %
Root relative squared error             60.1864 %
Total Number of Instances               61
INFO:root:++++++ Thu Oct 21 09:05:57 2010 ++++++ False cnt = 165
INFO:root:accuracy = 22.9508
INFO:root:|......|||............|.|........|....|....|....|..||.............|..|....|...|...|||...|......|.........|........||....
INFO:root:test indexes =[0, 7, 8, 9, 22, 24, 33, 38, 43, 48, 51, 52, 66, 69, 74, 78, 82, 83, 84, 88, 95, 105, 114, 115, 129, 133, 135, 138, 141, 144, 151, 161, 166, 170, 173, 177, 182, 186, 190, 191, 195, 200, 206, 208, 225, 229, 233, 242, 244, 246, 249, 257, 258, 270, 274, 276, 284, 291, 293, 297, 303]
INFO:root:classifier:MLP ---------------------------------------
INFO:root:Correctly Classified Instances          47               77.0492 %
Incorrectly Classified Instances        14               22.9508 %
Kappa statistic                          0.7482
Mean absolute error                      0.0266
Root mean squared error                  0.1356
Relative absolute error                 26.061  %
Root relative squared error             60.1864 %
Total Number of Instances               61
INFO:root:++++++ Thu Oct 21 09:57:39 2010 ++++++ False cnt = 169
INFO:root:accuracy = 22.9508
INFO:root:|......|||............|.|........|....|....|....|..||.............|..|....|...|...|||...|......|.........|........||....
INFO:root:test indexes =[0, 7, 8, 9, 22, 24, 33, 38, 43, 48, 51, 52, 66, 69, 74, 78, 82, 83, 84, 88, 95, 105, 114, 115, 129, 133, 135, 138, 141, 144, 151, 161, 166, 170, 173, 177, 182, 186, 190, 191, 195, 200, 206, 208, 225, 229, 233, 242, 244, 246, 249, 257, 258, 270, 274, 276, 284, 291, 293, 297, 303]
INFO:root:classifier:MLP ---------------------------------------
INFO:root:Correctly Classified Instances          47               77.0492 %
Incorrectly Classified Instances        14               22.9508 %
Kappa statistic                          0.7482
Mean absolute error                      0.0266
Root mean squared error                  0.1356
Relative absolute error                 26.061  %
Root relative squared error             60.1864 %
Total Number of Instances               61
INFO:root:++++++ Thu Oct 21 10:57:15 2010 ++++++ False cnt = 172
INFO:root:accuracy = 22.9508
INFO:root:|......|||............|.|........|....|....|....|..||.............|..|....|...|...|||...|......|.........|........||....
INFO:root:test indexes =[0, 7, 8, 9, 22, 24, 33, 38, 43, 48, 51, 52, 66, 69, 74, 78, 82, 83, 84, 88, 95, 105, 114, 115, 129, 133, 135, 138, 141, 144, 151, 161, 166, 170, 173, 177, 182, 186, 190, 191, 195, 200, 206, 208, 225, 229, 233, 242, 244, 246, 249, 257, 258, 270, 274, 276, 284, 291, 293, 297, 303]
INFO:root:classifier:MLP ---------------------------------------
INFO:root:Correctly Classified Instances          47               77.0492 %
Incorrectly Classified Instances        14               22.9508 %
Kappa statistic                          0.7482
Mean absolute error                      0.0266
Root mean squared error                  0.1356
Relative absolute error                 26.061  %
Root relative squared error             60.1864 %
Total Number of Instances               61
INFO:root:++++++ Thu Oct 21 11:56:42 2010 ++++++ False cnt = 177
INFO:root:accuracy = 22.9508
INFO:root:|......|||............|.|........|....|....|....|..||.............|..|....|...|...|||...|......|.........|........||....
INFO:root:test indexes =[0, 7, 8, 9, 22, 24, 33, 38, 43, 48, 51, 52, 66, 69, 74, 78, 82, 83, 84, 88, 95, 105, 114, 115, 129, 133, 135, 138, 141, 144, 151, 161, 166, 170, 173, 177, 182, 186, 190, 191, 195, 200, 206, 208, 225, 229, 233, 242, 244, 246, 249, 257, 258, 270, 274, 276, 284, 291, 293, 297, 303]
INFO:root:classifier:MLP ---------------------------------------
INFO:root:Correctly Classified Instances          47               77.0492 %
Incorrectly Classified Instances        14               22.9508 %
Kappa statistic                          0.7482
Mean absolute error                      0.0266
Root mean squared error                  0.1356
Relative absolute error                 26.061  %
Root relative squared error             60.1864 %
Total Number of Instances               61
INFO:root:++++++ Thu Oct 21 12:56:08 2010 ++++++ False cnt = 181
INFO:root:accuracy = 22.9508
INFO:root:|......|||............|.|........|....|....|....|..||.............|..|....|...|...|||...|......|.........|........||....
INFO:root:test indexes =[0, 7, 8, 9, 22, 24, 33, 38, 43, 48, 51, 52, 66, 69, 74, 78, 82, 83, 84, 88, 95, 105, 114, 115, 129, 133, 135, 138, 141, 144, 151, 161, 166, 170, 173, 177, 182, 186, 190, 191, 195, 200, 206, 208, 225, 229, 233, 242, 244, 246, 249, 257, 258, 270, 274, 276, 284, 291, 293, 297, 303]
INFO:root:classifier:MLP ---------------------------------------
INFO:root:Correctly Classified Instances          47               77.0492 %
Incorrectly Classified Instances        14               22.9508 %
Kappa statistic                          0.7482
Mean absolute error                      0.0266
Root mean squared error                  0.1356
Relative absolute error                 26.061  %
Root relative squared error             60.1864 %
Total Number of Instances               61
INFO:root:++++++ Thu Oct 21 13:47:56 2010 ++++++ False cnt = 185
INFO:root:accuracy = 22.9508
INFO:root:|......|||............|.|........|....|....|....|..||.............|..|....|...|...|||...|......|.........|........||....
INFO:root:test indexes =[0, 7, 8, 9, 22, 24, 33, 38, 43, 48, 51, 52, 66, 69, 74, 78, 82, 83, 84, 88, 95, 105, 114, 115, 129, 133, 135, 138, 141, 144, 151, 161, 166, 170, 173, 177, 182, 186, 190, 191, 195, 200, 206, 208, 225, 229, 233, 242, 244, 246, 249, 257, 258, 270, 274, 276, 284, 291, 293, 297, 303]
INFO:root:classifier:MLP ---------------------------------------
INFO:root:Correctly Classified Instances          47               77.0492 %
Incorrectly Classified Instances        14               22.9508 %
Kappa statistic                          0.7482
Mean absolute error                      0.0266
Root mean squared error                  0.1356
Relative absolute error                 26.061  %
Root relative squared error             60.1864 %
Total Number of Instances               61
INFO:root:++++++ Thu Oct 21 14:39:43 2010 ++++++ False cnt = 189
INFO:root:accuracy = 22.9508
INFO:root:|......|||............|.|........|....|....|....|..||.............|..|....|...|...|||...|......|.........|........||....
INFO:root:test indexes =[0, 7, 8, 9, 22, 24, 33, 38, 43, 48, 51, 52, 66, 69, 74, 78, 82, 83, 84, 88, 95, 105, 114, 115, 129, 133, 135, 138, 141, 144, 151, 161, 166, 170, 173, 177, 182, 186, 190, 191, 195, 200, 206, 208, 225, 229, 233, 242, 244, 246, 249, 257, 258, 270, 274, 276, 284, 291, 293, 297, 303]
INFO:root:classifier:MLP ---------------------------------------
INFO:root:Correctly Classified Instances          47               77.0492 %
Incorrectly Classified Instances        14               22.9508 %
Kappa statistic                          0.7482
Mean absolute error                      0.0266
Root mean squared error                  0.1356
Relative absolute error                 26.061  %
Root relative squared error             60.1864 %
Total Number of Instances               61
INFO:root:++++++ Thu Oct 21 15:32:00 2010 ++++++ False cnt = 193
INFO:root:accuracy = 22.9508
INFO:root:|......|||............|.|........|....|....|....|..||.............|..|....|...|...|||...|......|.........|........||....
INFO:root:test indexes =[0, 7, 8, 9, 22, 24, 33, 38, 43, 48, 51, 52, 66, 69, 74, 78, 82, 83, 84, 88, 95, 105, 114, 115, 129, 133, 135, 138, 141, 144, 151, 161, 166, 170, 173, 177, 182, 186, 190, 191, 195, 200, 206, 208, 225, 229, 233, 242, 244, 246, 249, 257, 258, 270, 274, 276, 284, 291, 293, 297, 303]
INFO:root:classifier:MLP ---------------------------------------
INFO:root:Correctly Classified Instances          47               77.0492 %
Incorrectly Classified Instances        14               22.9508 %
Kappa statistic                          0.7482
Mean absolute error                      0.0266
Root mean squared error                  0.1356
Relative absolute error                 26.061  %
Root relative squared error             60.1864 %
Total Number of Instances               61
INFO:root:++++++ Thu Oct 21 16:24:19 2010 ++++++ False cnt = 197
INFO:root:accuracy = 22.9508
INFO:root:|......|||............|.|........|....|....|....|..||.............|..|....|...|...|||...|......|.........|........||....
INFO:root:test indexes =[0, 7, 8, 9, 22, 24, 33, 38, 43, 48, 51, 52, 66, 69, 74, 78, 82, 83, 84, 88, 95, 105, 114, 115, 129, 133, 135, 138, 141, 144, 151, 161, 166, 170, 173, 177, 182, 186, 190, 191, 195, 200, 206, 208, 225, 229, 233, 242, 244, 246, 249, 257, 258, 270, 274, 276, 284, 291, 293, 297, 303]
INFO:root:classifier:MLP ---------------------------------------
INFO:root:Correctly Classified Instances          47               77.0492 %
Incorrectly Classified Instances        14               22.9508 %
Kappa statistic                          0.7482
Mean absolute error                      0.0266
Root mean squared error                  0.1356
Relative absolute error                 26.061  %
Root relative squared error             60.1864 %
Total Number of Instances               61
INFO:root:++++++ Thu Oct 21 17:24:01 2010 ++++++ False cnt = 202
INFO:root:accuracy = 22.9508
INFO:root:|......|||............|.|........|....|....|....|..||.............|..|....|...|...|||...|......|.........|........||....
INFO:root:test indexes =[0, 7, 8, 9, 22, 24, 33, 38, 43, 48, 51, 52, 66, 69, 74, 78, 82, 83, 84, 88, 95, 105, 114, 115, 129, 133, 135, 138, 141, 144, 151, 161, 166, 170, 173, 177, 182, 186, 190, 191, 195, 200, 206, 208, 225, 229, 233, 242, 244, 246, 249, 257, 258, 270, 274, 276, 284, 291, 293, 297, 303]
INFO:root:classifier:MLP ---------------------------------------
INFO:root:Correctly Classified Instances          47               77.0492 %
Incorrectly Classified Instances        14               22.9508 %
Kappa statistic                          0.7482
Mean absolute error                      0.0266
Root mean squared error                  0.1356
Relative absolute error                 26.061  %
Root relative squared error             60.1864 %
Total Number of Instances               61
INFO:root:++++++ Thu Oct 21 18:16:12 2010 ++++++ False cnt = 207
INFO:root:accuracy = 22.9508
INFO:root:|......|||............|.|........|....|....|....|..||.............|..|....|...|...|||...|......|.........|........||....
INFO:root:test indexes =[0, 7, 8, 9, 22, 24, 33, 38, 43, 48, 51, 52, 66, 69, 74, 78, 82, 83, 84, 88, 95, 105, 114, 115, 129, 133, 135, 138, 141, 144, 151, 161, 166, 170, 173, 177, 182, 186, 190, 191, 195, 200, 206, 208, 225, 229, 233, 242, 244, 246, 249, 257, 258, 270, 274, 276, 284, 291, 293, 297, 303]
INFO:root:classifier:MLP ---------------------------------------
INFO:root:Correctly Classified Instances          47               77.0492 %
Incorrectly Classified Instances        14               22.9508 %
Kappa statistic                          0.7482
Mean absolute error                      0.0266
Root mean squared error                  0.1356
Relative absolute error                 26.061  %
Root relative squared error             60.1864 %
Total Number of Instances               61
INFO:root:++++++ Thu Oct 21 19:07:59 2010 ++++++ False cnt = 211
INFO:root:accuracy = 22.9508
INFO:root:|......|||............|.|........|....|....|....|..||.............|..|....|...|...|||...|......|.........|........||....
INFO:root:test indexes =[0, 7, 8, 9, 22, 24, 33, 38, 43, 48, 51, 52, 66, 69, 74, 78, 82, 83, 84, 88, 95, 105, 114, 115, 129, 133, 135, 138, 141, 144, 151, 161, 166, 170, 173, 177, 182, 186, 190, 191, 195, 200, 206, 208, 225, 229, 233, 242, 244, 246, 249, 257, 258, 270, 274, 276, 284, 291, 293, 297, 303]
INFO:root:classifier:MLP ---------------------------------------
INFO:root:Correctly Classified Instances          47               77.0492 %
Incorrectly Classified Instances        14               22.9508 %
Kappa statistic                          0.7482
Mean absolute error                      0.0266
Root mean squared error                  0.1356
Relative absolute error                 26.061  %
Root relative squared error             60.1864 %
Total Number of Instances               61
INFO:root:1. Converged after 214 GA rounds
INFO:root:++++++ Thu Oct 21 19:44:42 2010 ++++++ True cnt = 214
INFO:root:accuracy = 22.9508
INFO:root:|......|||............|.|........|....|....|....|..||.............|..|....|...|...|||...|......|.........|........||....
INFO:root:test indexes =[0, 7, 8, 9, 22, 24, 33, 38, 43, 48, 51, 52, 66, 69, 74, 78, 82, 83, 84, 88, 95, 105, 114, 115, 129, 133, 135, 138, 141, 144, 151, 161, 166, 170, 173, 177, 182, 186, 190, 191, 195, 200, 206, 208, 225, 229, 233, 242, 244, 246, 249, 257, 258, 270, 274, 276, 284, 291, 293, 297, 303]
INFO:root:classifier:MLP ---------------------------------------
INFO:root:Correctly Classified Instances          47               77.0492 %
Incorrectly Classified Instances        14               22.9508 %
Kappa statistic                          0.7482
Mean absolute error                      0.0266
Root mean squared error                  0.1356
Relative absolute error                 26.061  %
Root relative squared error             60.1864 %
Total Number of Instances               61
